This file contains any messages produced by compilers while
running configure, to aid debugging if configure makes a mistake.

It was created by Scroom Plugins for Canon Production Printing configure Unknown, which was
generated by GNU Autoconf 2.69.  Invocation command line was

  $ ../configure CC=ccache gcc CXX=ccache g++ CPPFLAGS=-I/home/ubuntu/Documents/Development/scroom-install/include/ LDFLAGS=-L/home/ubuntu/Documents/Development/scroom-install/lib -Wl,-z,defs

## --------- ##
## Platform. ##
## --------- ##

hostname = ubuntu
uname -m = x86_64
uname -r = 5.3.0-51-generic
uname -s = Linux
uname -v = #44~18.04.2-Ubuntu SMP Thu Apr 23 14:27:18 UTC 2020

/usr/bin/uname -p = unknown
/bin/uname -X     = unknown

/bin/arch              = unknown
/usr/bin/arch -k       = unknown
/usr/convex/getsysinfo = unknown
/usr/bin/hostinfo      = unknown
/bin/machine           = unknown
/usr/bin/oslevel       = unknown
/bin/universe          = unknown

PATH: /opt/ros/melodic/bin
PATH: /home/ubuntu/.local/bin
PATH: /usr/local/sbin
PATH: /usr/local/bin
PATH: /usr/sbin
PATH: /usr/bin
PATH: /sbin
PATH: /bin
PATH: /usr/games
PATH: /usr/local/games
PATH: /snap/bin


## ----------- ##
## Core tests. ##
## ----------- ##

configure:2668: checking for a BSD-compatible install
configure:2736: result: /usr/bin/install -c
configure:2747: checking whether build environment is sane
configure:2802: result: yes
configure:2953: checking for a thread-safe mkdir -p
configure:2992: result: /bin/mkdir -p
configure:2999: checking for gawk
configure:3029: result: no
configure:2999: checking for mawk
configure:3015: found /usr/bin/mawk
configure:3026: result: mawk
configure:3037: checking whether make sets $(MAKE)
configure:3059: result: yes
configure:3088: checking whether make supports nested variables
configure:3105: result: yes
configure:3242: checking whether make supports nested variables
configure:3259: result: yes
configure:3282: checking for style of include used by make
configure:3310: result: GNU
configure:3381: checking for gcc
configure:3408: result: ccache gcc
configure:3637: checking for C compiler version
configure:3646: ccache gcc --version >&5
gcc (Ubuntu 7.5.0-3ubuntu1~18.04) 7.5.0
Copyright (C) 2017 Free Software Foundation, Inc.
This is free software; see the source for copying conditions.  There is NO
warranty; not even for MERCHANTABILITY or FITNESS FOR A PARTICULAR PURPOSE.

configure:3657: $? = 0
configure:3646: ccache gcc -v >&5
Using built-in specs.
COLLECT_GCC=/usr/bin/gcc
COLLECT_LTO_WRAPPER=/usr/lib/gcc/x86_64-linux-gnu/7/lto-wrapper
OFFLOAD_TARGET_NAMES=nvptx-none
OFFLOAD_TARGET_DEFAULT=1
Target: x86_64-linux-gnu
Configured with: ../src/configure -v --with-pkgversion='Ubuntu 7.5.0-3ubuntu1~18.04' --with-bugurl=file:///usr/share/doc/gcc-7/README.Bugs --enable-languages=c,ada,c++,go,brig,d,fortran,objc,obj-c++ --prefix=/usr --with-gcc-major-version-only --program-suffix=-7 --program-prefix=x86_64-linux-gnu- --enable-shared --enable-linker-build-id --libexecdir=/usr/lib --without-included-gettext --enable-threads=posix --libdir=/usr/lib --enable-nls --enable-bootstrap --enable-clocale=gnu --enable-libstdcxx-debug --enable-libstdcxx-time=yes --with-default-libstdcxx-abi=new --enable-gnu-unique-object --disable-vtable-verify --enable-libmpx --enable-plugin --enable-default-pie --with-system-zlib --with-target-system-zlib --enable-objc-gc=auto --enable-multiarch --disable-werror --with-arch-32=i686 --with-abi=m64 --with-multilib-list=m32,m64,mx32 --enable-multilib --with-tune=generic --enable-offload-targets=nvptx-none --without-cuda-driver --enable-checking=release --build=x86_64-linux-gnu --host=x86_64-linux-gnu --target=x86_64-linux-gnu
Thread model: posix
gcc version 7.5.0 (Ubuntu 7.5.0-3ubuntu1~18.04) 
configure:3657: $? = 0
configure:3646: ccache gcc -V >&5
gcc: error: unrecognized command line option '-V'
gcc: fatal error: no input files
compilation terminated.
configure:3657: $? = 1
configure:3646: ccache gcc -qversion >&5
gcc: error: unrecognized command line option '-qversion'; did you mean '--version'?
gcc: fatal error: no input files
compilation terminated.
configure:3657: $? = 1
configure:3677: checking whether the C compiler works
configure:3699: ccache gcc  -I/home/ubuntu/Documents/Development/scroom-install/include/ -L/home/ubuntu/Documents/Development/scroom-install/lib -Wl,-z,defs conftest.c  >&5
configure:3703: $? = 0
configure:3751: result: yes
configure:3754: checking for C compiler default output file name
configure:3756: result: a.out
configure:3762: checking for suffix of executables
configure:3769: ccache gcc -o conftest  -I/home/ubuntu/Documents/Development/scroom-install/include/ -L/home/ubuntu/Documents/Development/scroom-install/lib -Wl,-z,defs conftest.c  >&5
configure:3773: $? = 0
configure:3795: result: 
configure:3817: checking whether we are cross compiling
configure:3825: ccache gcc -o conftest  -I/home/ubuntu/Documents/Development/scroom-install/include/ -L/home/ubuntu/Documents/Development/scroom-install/lib -Wl,-z,defs conftest.c  >&5
configure:3829: $? = 0
configure:3836: ./conftest
configure:3840: $? = 0
configure:3855: result: no
configure:3860: checking for suffix of object files
configure:3882: ccache gcc -c  -I/home/ubuntu/Documents/Development/scroom-install/include/ conftest.c >&5
configure:3886: $? = 0
configure:3907: result: o
configure:3911: checking whether we are using the GNU C compiler
configure:3930: ccache gcc -c  -I/home/ubuntu/Documents/Development/scroom-install/include/ conftest.c >&5
configure:3930: $? = 0
configure:3939: result: yes
configure:3948: checking whether ccache gcc accepts -g
configure:3968: ccache gcc -c -g -I/home/ubuntu/Documents/Development/scroom-install/include/ conftest.c >&5
configure:3968: $? = 0
configure:4009: result: yes
configure:4026: checking for ccache gcc option to accept ISO C89
configure:4089: ccache gcc  -c -g -O2 -I/home/ubuntu/Documents/Development/scroom-install/include/ conftest.c >&5
configure:4089: $? = 0
configure:4102: result: none needed
configure:4127: checking whether ccache gcc understands -c and -o together
configure:4149: ccache gcc -c conftest.c -o conftest2.o
configure:4152: $? = 0
configure:4149: ccache gcc -c conftest.c -o conftest2.o
configure:4152: $? = 0
configure:4164: result: yes
configure:4183: checking dependency style of ccache gcc
configure:4294: result: gcc3
configure:4359: checking for ar
configure:4375: found /usr/bin/ar
configure:4386: result: ar
configure:4412: checking the archiver (ar) interface
configure:4428: ccache gcc -c -g -O2 -I/home/ubuntu/Documents/Development/scroom-install/include/ conftest.c >&5
configure:4428: $? = 0
configure:4430: ar cru libconftest.a conftest.o >&5
ar: `u' modifier ignored since `D' is the default (see `U')
configure:4433: $? = 0
configure:4461: result: ar
configure:4511: checking build system type
configure:4525: result: x86_64-pc-linux-gnu
configure:4545: checking host system type
configure:4558: result: x86_64-pc-linux-gnu
configure:4599: checking how to print strings
configure:4626: result: printf
configure:4647: checking for a sed that does not truncate output
configure:4711: result: /bin/sed
configure:4729: checking for grep that handles long lines and -e
configure:4787: result: /bin/grep
configure:4792: checking for egrep
configure:4854: result: /bin/grep -E
configure:4859: checking for fgrep
configure:4921: result: /bin/grep -F
configure:4956: checking for ld used by ccache gcc
configure:5023: result: /usr/bin/ld
configure:5030: checking if the linker (/usr/bin/ld) is GNU ld
configure:5045: result: yes
configure:5057: checking for BSD- or MS-compatible name lister (nm)
configure:5111: result: /usr/bin/nm -B
configure:5241: checking the name lister (/usr/bin/nm -B) interface
configure:5248: ccache gcc -c -g -O2 -I/home/ubuntu/Documents/Development/scroom-install/include/ conftest.c >&5
configure:5251: /usr/bin/nm -B "conftest.o"
configure:5254: output
0000000000000000 B some_variable
configure:5261: result: BSD nm
configure:5264: checking whether ln -s works
configure:5268: result: yes
configure:5276: checking the maximum length of command line arguments
configure:5407: result: 1572864
configure:5455: checking how to convert x86_64-pc-linux-gnu file names to x86_64-pc-linux-gnu format
configure:5495: result: func_convert_file_noop
configure:5502: checking how to convert x86_64-pc-linux-gnu file names to toolchain format
configure:5522: result: func_convert_file_noop
configure:5529: checking for /usr/bin/ld option to reload object files
configure:5536: result: -r
configure:5610: checking for objdump
configure:5626: found /usr/bin/objdump
configure:5637: result: objdump
configure:5669: checking how to recognize dependent libraries
configure:5869: result: pass_all
configure:5954: checking for dlltool
configure:5984: result: no
configure:6014: checking how to associate runtime and link libraries
configure:6041: result: printf %s\n
configure:6165: checking for archiver @FILE support
configure:6182: ccache gcc -c -g -O2 -I/home/ubuntu/Documents/Development/scroom-install/include/ conftest.c >&5
configure:6182: $? = 0
configure:6185: ar cru libconftest.a @conftest.lst >&5
ar: `u' modifier ignored since `D' is the default (see `U')
configure:6188: $? = 0
configure:6193: ar cru libconftest.a @conftest.lst >&5
ar: `u' modifier ignored since `D' is the default (see `U')
ar: conftest.o: No such file or directory
configure:6196: $? = 1
configure:6208: result: @
configure:6266: checking for strip
configure:6282: found /usr/bin/strip
configure:6293: result: strip
configure:6365: checking for ranlib
configure:6381: found /usr/bin/ranlib
configure:6392: result: ranlib
configure:6494: checking command to parse /usr/bin/nm -B output from ccache gcc object
configure:6647: ccache gcc -c -g -O2 -I/home/ubuntu/Documents/Development/scroom-install/include/ conftest.c >&5
configure:6650: $? = 0
configure:6654: /usr/bin/nm -B conftest.o \| sed -n -e 's/^.*[ ]\([ABCDGIRSTW][ABCDGIRSTW]*\)[ ][ ]*\([_A-Za-z][_A-Za-z0-9]*\)$/\1 \2 \2/p' | sed '/ __gnu_lto/d' \> conftest.nm
configure:6657: $? = 0
configure:6723: ccache gcc -o conftest -g -O2 -I/home/ubuntu/Documents/Development/scroom-install/include/ -L/home/ubuntu/Documents/Development/scroom-install/lib -Wl,-z,defs conftest.c conftstm.o >&5
configure:6726: $? = 0
configure:6764: result: ok
configure:6811: checking for sysroot
configure:6841: result: no
configure:6848: checking for a working dd
configure:6886: result: /bin/dd
configure:6890: checking how to truncate binary pipes
configure:6905: result: /bin/dd bs=4096 count=1
configure:7041: ccache gcc -c -g -O2 -I/home/ubuntu/Documents/Development/scroom-install/include/ conftest.c >&5
configure:7044: $? = 0
configure:7234: checking for mt
configure:7250: found /bin/mt
configure:7261: result: mt
configure:7284: checking if mt is a manifest tool
configure:7290: mt '-?'
configure:7298: result: no
configure:7975: checking how to run the C preprocessor
configure:8006: ccache gcc -E -I/home/ubuntu/Documents/Development/scroom-install/include/ conftest.c
configure:8006: $? = 0
configure:8020: ccache gcc -E -I/home/ubuntu/Documents/Development/scroom-install/include/ conftest.c
conftest.c:11:10: fatal error: ac_nonexistent.h: No such file or directory
 #include <ac_nonexistent.h>
          ^~~~~~~~~~~~~~~~~~
compilation terminated.
configure:8020: $? = 1
configure: failed program was:
| /* confdefs.h */
| #define PACKAGE_NAME "Scroom Plugins for Canon Production Printing"
| #define PACKAGE_TARNAME "scroom-cpp-plugins"
| #define PACKAGE_VERSION "Unknown"
| #define PACKAGE_STRING "Scroom Plugins for Canon Production Printing Unknown"
| #define PACKAGE_BUGREPORT ""
| #define PACKAGE_URL ""
| #define PACKAGE "scroom-cpp-plugins"
| #define VERSION "Unknown"
| /* end confdefs.h.  */
| #include <ac_nonexistent.h>
configure:8045: result: ccache gcc -E
configure:8065: ccache gcc -E -I/home/ubuntu/Documents/Development/scroom-install/include/ conftest.c
configure:8065: $? = 0
configure:8079: ccache gcc -E -I/home/ubuntu/Documents/Development/scroom-install/include/ conftest.c
conftest.c:11:10: fatal error: ac_nonexistent.h: No such file or directory
 #include <ac_nonexistent.h>
          ^~~~~~~~~~~~~~~~~~
compilation terminated.
configure:8079: $? = 1
configure: failed program was:
| /* confdefs.h */
| #define PACKAGE_NAME "Scroom Plugins for Canon Production Printing"
| #define PACKAGE_TARNAME "scroom-cpp-plugins"
| #define PACKAGE_VERSION "Unknown"
| #define PACKAGE_STRING "Scroom Plugins for Canon Production Printing Unknown"
| #define PACKAGE_BUGREPORT ""
| #define PACKAGE_URL ""
| #define PACKAGE "scroom-cpp-plugins"
| #define VERSION "Unknown"
| /* end confdefs.h.  */
| #include <ac_nonexistent.h>
configure:8108: checking for ANSI C header files
configure:8128: ccache gcc -c -g -O2 -I/home/ubuntu/Documents/Development/scroom-install/include/ conftest.c >&5
configure:8128: $? = 0
configure:8201: ccache gcc -o conftest -g -O2 -I/home/ubuntu/Documents/Development/scroom-install/include/ -L/home/ubuntu/Documents/Development/scroom-install/lib -Wl,-z,defs conftest.c  >&5
configure:8201: $? = 0
configure:8201: ./conftest
configure:8201: $? = 0
configure:8212: result: yes
configure:8225: checking for sys/types.h
configure:8225: ccache gcc -c -g -O2 -I/home/ubuntu/Documents/Development/scroom-install/include/ conftest.c >&5
configure:8225: $? = 0
configure:8225: result: yes
configure:8225: checking for sys/stat.h
configure:8225: ccache gcc -c -g -O2 -I/home/ubuntu/Documents/Development/scroom-install/include/ conftest.c >&5
configure:8225: $? = 0
configure:8225: result: yes
configure:8225: checking for stdlib.h
configure:8225: ccache gcc -c -g -O2 -I/home/ubuntu/Documents/Development/scroom-install/include/ conftest.c >&5
configure:8225: $? = 0
configure:8225: result: yes
configure:8225: checking for string.h
configure:8225: ccache gcc -c -g -O2 -I/home/ubuntu/Documents/Development/scroom-install/include/ conftest.c >&5
configure:8225: $? = 0
configure:8225: result: yes
configure:8225: checking for memory.h
configure:8225: ccache gcc -c -g -O2 -I/home/ubuntu/Documents/Development/scroom-install/include/ conftest.c >&5
configure:8225: $? = 0
configure:8225: result: yes
configure:8225: checking for strings.h
configure:8225: ccache gcc -c -g -O2 -I/home/ubuntu/Documents/Development/scroom-install/include/ conftest.c >&5
configure:8225: $? = 0
configure:8225: result: yes
configure:8225: checking for inttypes.h
configure:8225: ccache gcc -c -g -O2 -I/home/ubuntu/Documents/Development/scroom-install/include/ conftest.c >&5
configure:8225: $? = 0
configure:8225: result: yes
configure:8225: checking for stdint.h
configure:8225: ccache gcc -c -g -O2 -I/home/ubuntu/Documents/Development/scroom-install/include/ conftest.c >&5
configure:8225: $? = 0
configure:8225: result: yes
configure:8225: checking for unistd.h
configure:8225: ccache gcc -c -g -O2 -I/home/ubuntu/Documents/Development/scroom-install/include/ conftest.c >&5
configure:8225: $? = 0
configure:8225: result: yes
configure:8239: checking for dlfcn.h
configure:8239: ccache gcc -c -g -O2 -I/home/ubuntu/Documents/Development/scroom-install/include/ conftest.c >&5
configure:8239: $? = 0
configure:8239: result: yes
configure:8494: checking for objdir
configure:8509: result: .libs
configure:8773: checking if ccache gcc supports -fno-rtti -fno-exceptions
configure:8791: ccache gcc -c -g -O2 -I/home/ubuntu/Documents/Development/scroom-install/include/ -fno-rtti -fno-exceptions conftest.c >&5
cc1: warning: command line option '-fno-rtti' is valid for C++/ObjC++ but not for C
configure:8795: $? = 0
configure:8808: result: no
configure:9166: checking for ccache gcc option to produce PIC
configure:9173: result: -fPIC -DPIC
configure:9181: checking if ccache gcc PIC flag -fPIC -DPIC works
configure:9199: ccache gcc -c -g -O2 -I/home/ubuntu/Documents/Development/scroom-install/include/ -fPIC -DPIC -DPIC conftest.c >&5
configure:9203: $? = 0
configure:9216: result: yes
configure:9245: checking if ccache gcc static flag -static works
configure:9273: result: yes
configure:9288: checking if ccache gcc supports -c -o file.o
configure:9309: ccache gcc -c -g -O2 -I/home/ubuntu/Documents/Development/scroom-install/include/ -o out/conftest2.o conftest.c >&5
configure:9313: $? = 0
configure:9335: result: yes
configure:9343: checking if ccache gcc supports -c -o file.o
configure:9390: result: yes
configure:9423: checking whether the ccache gcc linker (/usr/bin/ld -m elf_x86_64) supports shared libraries
configure:10686: result: yes
configure:10723: checking whether -lc should be explicitly linked in
configure:10731: ccache gcc -c -g -O2 -I/home/ubuntu/Documents/Development/scroom-install/include/ conftest.c >&5
configure:10734: $? = 0
configure:10749: ccache gcc -shared  -fPIC -DPIC conftest.o  -v -Wl,-soname -Wl,conftest -o conftest 2\>\&1 \| /bin/grep  -lc  \>/dev/null 2\>\&1
configure:10752: $? = 0
configure:10766: result: no
configure:10926: checking dynamic linker characteristics
configure:11507: ccache gcc -o conftest -g -O2 -I/home/ubuntu/Documents/Development/scroom-install/include/ -L/home/ubuntu/Documents/Development/scroom-install/lib -Wl,-z,defs -Wl,-rpath -Wl,/foo conftest.c  >&5
configure:11507: $? = 0
configure:11756: result: GNU/Linux ld.so
configure:11878: checking how to hardcode library paths into programs
configure:11903: result: immediate
configure:12005: checking for shl_load
configure:12005: ccache gcc -o conftest -g -O2 -I/home/ubuntu/Documents/Development/scroom-install/include/ -L/home/ubuntu/Documents/Development/scroom-install/lib -Wl,-z,defs conftest.c  >&5
/tmp/ccKU6Klf.o: In function `main':
/home/ubuntu/Documents/Development/scroom-plugin-cpp/plugin-build/conftest.c:57: undefined reference to `shl_load'
collect2: error: ld returned 1 exit status
configure:12005: $? = 1
configure: failed program was:
| /* confdefs.h */
| #define PACKAGE_NAME "Scroom Plugins for Canon Production Printing"
| #define PACKAGE_TARNAME "scroom-cpp-plugins"
| #define PACKAGE_VERSION "Unknown"
| #define PACKAGE_STRING "Scroom Plugins for Canon Production Printing Unknown"
| #define PACKAGE_BUGREPORT ""
| #define PACKAGE_URL ""
| #define PACKAGE "scroom-cpp-plugins"
| #define VERSION "Unknown"
| #define STDC_HEADERS 1
| #define HAVE_SYS_TYPES_H 1
| #define HAVE_SYS_STAT_H 1
| #define HAVE_STDLIB_H 1
| #define HAVE_STRING_H 1
| #define HAVE_MEMORY_H 1
| #define HAVE_STRINGS_H 1
| #define HAVE_INTTYPES_H 1
| #define HAVE_STDINT_H 1
| #define HAVE_UNISTD_H 1
| #define HAVE_DLFCN_H 1
| #define LT_OBJDIR ".libs/"
| /* end confdefs.h.  */
| /* Define shl_load to an innocuous variant, in case <limits.h> declares shl_load.
|    For example, HP-UX 11i <limits.h> declares gettimeofday.  */
| #define shl_load innocuous_shl_load
| 
| /* System header to define __stub macros and hopefully few prototypes,
|     which can conflict with char shl_load (); below.
|     Prefer <limits.h> to <assert.h> if __STDC__ is defined, since
|     <limits.h> exists even on freestanding compilers.  */
| 
| #ifdef __STDC__
| # include <limits.h>
| #else
| # include <assert.h>
| #endif
| 
| #undef shl_load
| 
| /* Override any GCC internal prototype to avoid an error.
|    Use char because int might match the return type of a GCC
|    builtin and then its argument prototype would still apply.  */
| #ifdef __cplusplus
| extern "C"
| #endif
| char shl_load ();
| /* The GNU C library defines this for functions which it implements
|     to always fail with ENOSYS.  Some functions are actually named
|     something starting with __ and the normal name is an alias.  */
| #if defined __stub_shl_load || defined __stub___shl_load
| choke me
| #endif
| 
| int
| main ()
| {
| return shl_load ();
|   ;
|   return 0;
| }
configure:12005: result: no
configure:12009: checking for shl_load in -ldld
configure:12034: ccache gcc -o conftest -g -O2 -I/home/ubuntu/Documents/Development/scroom-install/include/ -L/home/ubuntu/Documents/Development/scroom-install/lib -Wl,-z,defs conftest.c -ldld   >&5
/usr/bin/ld: cannot find -ldld
collect2: error: ld returned 1 exit status
configure:12034: $? = 1
configure: failed program was:
| /* confdefs.h */
| #define PACKAGE_NAME "Scroom Plugins for Canon Production Printing"
| #define PACKAGE_TARNAME "scroom-cpp-plugins"
| #define PACKAGE_VERSION "Unknown"
| #define PACKAGE_STRING "Scroom Plugins for Canon Production Printing Unknown"
| #define PACKAGE_BUGREPORT ""
| #define PACKAGE_URL ""
| #define PACKAGE "scroom-cpp-plugins"
| #define VERSION "Unknown"
| #define STDC_HEADERS 1
| #define HAVE_SYS_TYPES_H 1
| #define HAVE_SYS_STAT_H 1
| #define HAVE_STDLIB_H 1
| #define HAVE_STRING_H 1
| #define HAVE_MEMORY_H 1
| #define HAVE_STRINGS_H 1
| #define HAVE_INTTYPES_H 1
| #define HAVE_STDINT_H 1
| #define HAVE_UNISTD_H 1
| #define HAVE_DLFCN_H 1
| #define LT_OBJDIR ".libs/"
| /* end confdefs.h.  */
| 
| /* Override any GCC internal prototype to avoid an error.
|    Use char because int might match the return type of a GCC
|    builtin and then its argument prototype would still apply.  */
| #ifdef __cplusplus
| extern "C"
| #endif
| char shl_load ();
| int
| main ()
| {
| return shl_load ();
|   ;
|   return 0;
| }
configure:12043: result: no
configure:12048: checking for dlopen
configure:12048: ccache gcc -o conftest -g -O2 -I/home/ubuntu/Documents/Development/scroom-install/include/ -L/home/ubuntu/Documents/Development/scroom-install/lib -Wl,-z,defs conftest.c  >&5
/tmp/cc5Gvkym.o: In function `main':
/home/ubuntu/Documents/Development/scroom-plugin-cpp/plugin-build/conftest.c:57: undefined reference to `dlopen'
collect2: error: ld returned 1 exit status
configure:12048: $? = 1
configure: failed program was:
| /* confdefs.h */
| #define PACKAGE_NAME "Scroom Plugins for Canon Production Printing"
| #define PACKAGE_TARNAME "scroom-cpp-plugins"
| #define PACKAGE_VERSION "Unknown"
| #define PACKAGE_STRING "Scroom Plugins for Canon Production Printing Unknown"
| #define PACKAGE_BUGREPORT ""
| #define PACKAGE_URL ""
| #define PACKAGE "scroom-cpp-plugins"
| #define VERSION "Unknown"
| #define STDC_HEADERS 1
| #define HAVE_SYS_TYPES_H 1
| #define HAVE_SYS_STAT_H 1
| #define HAVE_STDLIB_H 1
| #define HAVE_STRING_H 1
| #define HAVE_MEMORY_H 1
| #define HAVE_STRINGS_H 1
| #define HAVE_INTTYPES_H 1
| #define HAVE_STDINT_H 1
| #define HAVE_UNISTD_H 1
| #define HAVE_DLFCN_H 1
| #define LT_OBJDIR ".libs/"
| /* end confdefs.h.  */
| /* Define dlopen to an innocuous variant, in case <limits.h> declares dlopen.
|    For example, HP-UX 11i <limits.h> declares gettimeofday.  */
| #define dlopen innocuous_dlopen
| 
| /* System header to define __stub macros and hopefully few prototypes,
|     which can conflict with char dlopen (); below.
|     Prefer <limits.h> to <assert.h> if __STDC__ is defined, since
|     <limits.h> exists even on freestanding compilers.  */
| 
| #ifdef __STDC__
| # include <limits.h>
| #else
| # include <assert.h>
| #endif
| 
| #undef dlopen
| 
| /* Override any GCC internal prototype to avoid an error.
|    Use char because int might match the return type of a GCC
|    builtin and then its argument prototype would still apply.  */
| #ifdef __cplusplus
| extern "C"
| #endif
| char dlopen ();
| /* The GNU C library defines this for functions which it implements
|     to always fail with ENOSYS.  Some functions are actually named
|     something starting with __ and the normal name is an alias.  */
| #if defined __stub_dlopen || defined __stub___dlopen
| choke me
| #endif
| 
| int
| main ()
| {
| return dlopen ();
|   ;
|   return 0;
| }
configure:12048: result: no
configure:12052: checking for dlopen in -ldl
configure:12077: ccache gcc -o conftest -g -O2 -I/home/ubuntu/Documents/Development/scroom-install/include/ -L/home/ubuntu/Documents/Development/scroom-install/lib -Wl,-z,defs conftest.c -ldl   >&5
configure:12077: $? = 0
configure:12086: result: yes
configure:12205: checking whether a program can dlopen itself
configure:12285: ccache gcc -o conftest -g -O2 -I/home/ubuntu/Documents/Development/scroom-install/include/ -DHAVE_DLFCN_H -L/home/ubuntu/Documents/Development/scroom-install/lib -Wl,-z,defs -Wl,--export-dynamic conftest.c -ldl  >&5
configure:12288: $? = 0
configure:12306: result: yes
configure:12311: checking whether a statically linked program can dlopen itself
configure:12391: ccache gcc -o conftest -g -O2 -I/home/ubuntu/Documents/Development/scroom-install/include/ -DHAVE_DLFCN_H -L/home/ubuntu/Documents/Development/scroom-install/lib -Wl,-z,defs -Wl,--export-dynamic -static conftest.c -ldl  >&5
/tmp/ccQTF0Ew.o: In function `main':
/home/ubuntu/Documents/Development/scroom-plugin-cpp/plugin-build/configure:12370: warning: Using 'dlopen' in statically linked applications requires at runtime the shared libraries from the glibc version used for linking
configure:12394: $? = 0
conftest: undefined symbol: _fnord
configure:12412: result: no
configure:12451: checking whether stripping libraries is possible
configure:12456: result: yes
configure:12491: checking if libtool supports shared libraries
configure:12493: result: yes
configure:12496: checking whether to build shared libraries
configure:12521: result: yes
configure:12524: checking whether to build static libraries
configure:12528: result: yes
configure:12684: checking for C++ compiler version
configure:12693: ccache g++ --version >&5
g++ (Ubuntu 7.5.0-3ubuntu1~18.04) 7.5.0
Copyright (C) 2017 Free Software Foundation, Inc.
This is free software; see the source for copying conditions.  There is NO
warranty; not even for MERCHANTABILITY or FITNESS FOR A PARTICULAR PURPOSE.

configure:12704: $? = 0
configure:12693: ccache g++ -v >&5
Using built-in specs.
COLLECT_GCC=/usr/bin/g++
COLLECT_LTO_WRAPPER=/usr/lib/gcc/x86_64-linux-gnu/7/lto-wrapper
OFFLOAD_TARGET_NAMES=nvptx-none
OFFLOAD_TARGET_DEFAULT=1
Target: x86_64-linux-gnu
Configured with: ../src/configure -v --with-pkgversion='Ubuntu 7.5.0-3ubuntu1~18.04' --with-bugurl=file:///usr/share/doc/gcc-7/README.Bugs --enable-languages=c,ada,c++,go,brig,d,fortran,objc,obj-c++ --prefix=/usr --with-gcc-major-version-only --program-suffix=-7 --program-prefix=x86_64-linux-gnu- --enable-shared --enable-linker-build-id --libexecdir=/usr/lib --without-included-gettext --enable-threads=posix --libdir=/usr/lib --enable-nls --enable-bootstrap --enable-clocale=gnu --enable-libstdcxx-debug --enable-libstdcxx-time=yes --with-default-libstdcxx-abi=new --enable-gnu-unique-object --disable-vtable-verify --enable-libmpx --enable-plugin --enable-default-pie --with-system-zlib --with-target-system-zlib --enable-objc-gc=auto --enable-multiarch --disable-werror --with-arch-32=i686 --with-abi=m64 --with-multilib-list=m32,m64,mx32 --enable-multilib --with-tune=generic --enable-offload-targets=nvptx-none --without-cuda-driver --enable-checking=release --build=x86_64-linux-gnu --host=x86_64-linux-gnu --target=x86_64-linux-gnu
Thread model: posix
gcc version 7.5.0 (Ubuntu 7.5.0-3ubuntu1~18.04) 
configure:12704: $? = 0
configure:12693: ccache g++ -V >&5
g++: error: unrecognized command line option '-V'
g++: fatal error: no input files
compilation terminated.
configure:12704: $? = 1
configure:12693: ccache g++ -qversion >&5
g++: error: unrecognized command line option '-qversion'; did you mean '--version'?
g++: fatal error: no input files
compilation terminated.
configure:12704: $? = 1
configure:12708: checking whether we are using the GNU C++ compiler
configure:12727: ccache g++ -c  -I/home/ubuntu/Documents/Development/scroom-install/include/ conftest.cpp >&5
configure:12727: $? = 0
configure:12736: result: yes
configure:12745: checking whether ccache g++ accepts -g
configure:12765: ccache g++ -c -g -I/home/ubuntu/Documents/Development/scroom-install/include/ conftest.cpp >&5
configure:12765: $? = 0
configure:12806: result: yes
configure:12831: checking dependency style of ccache g++
configure:12942: result: gcc3
configure:12975: checking how to run the C++ preprocessor
configure:13002: ccache g++ -E -I/home/ubuntu/Documents/Development/scroom-install/include/ conftest.cpp
configure:13002: $? = 0
configure:13016: ccache g++ -E -I/home/ubuntu/Documents/Development/scroom-install/include/ conftest.cpp
conftest.cpp:23:10: fatal error: ac_nonexistent.h: No such file or directory
 #include <ac_nonexistent.h>
          ^~~~~~~~~~~~~~~~~~
compilation terminated.
configure:13016: $? = 1
configure: failed program was:
| /* confdefs.h */
| #define PACKAGE_NAME "Scroom Plugins for Canon Production Printing"
| #define PACKAGE_TARNAME "scroom-cpp-plugins"
| #define PACKAGE_VERSION "Unknown"
| #define PACKAGE_STRING "Scroom Plugins for Canon Production Printing Unknown"
| #define PACKAGE_BUGREPORT ""
| #define PACKAGE_URL ""
| #define PACKAGE "scroom-cpp-plugins"
| #define VERSION "Unknown"
| #define STDC_HEADERS 1
| #define HAVE_SYS_TYPES_H 1
| #define HAVE_SYS_STAT_H 1
| #define HAVE_STDLIB_H 1
| #define HAVE_STRING_H 1
| #define HAVE_MEMORY_H 1
| #define HAVE_STRINGS_H 1
| #define HAVE_INTTYPES_H 1
| #define HAVE_STDINT_H 1
| #define HAVE_UNISTD_H 1
| #define HAVE_DLFCN_H 1
| #define LT_OBJDIR ".libs/"
| /* end confdefs.h.  */
| #include <ac_nonexistent.h>
configure:13041: result: ccache g++ -E
configure:13061: ccache g++ -E -I/home/ubuntu/Documents/Development/scroom-install/include/ conftest.cpp
configure:13061: $? = 0
configure:13075: ccache g++ -E -I/home/ubuntu/Documents/Development/scroom-install/include/ conftest.cpp
conftest.cpp:23:10: fatal error: ac_nonexistent.h: No such file or directory
 #include <ac_nonexistent.h>
          ^~~~~~~~~~~~~~~~~~
compilation terminated.
configure:13075: $? = 1
configure: failed program was:
| /* confdefs.h */
| #define PACKAGE_NAME "Scroom Plugins for Canon Production Printing"
| #define PACKAGE_TARNAME "scroom-cpp-plugins"
| #define PACKAGE_VERSION "Unknown"
| #define PACKAGE_STRING "Scroom Plugins for Canon Production Printing Unknown"
| #define PACKAGE_BUGREPORT ""
| #define PACKAGE_URL ""
| #define PACKAGE "scroom-cpp-plugins"
| #define VERSION "Unknown"
| #define STDC_HEADERS 1
| #define HAVE_SYS_TYPES_H 1
| #define HAVE_SYS_STAT_H 1
| #define HAVE_STDLIB_H 1
| #define HAVE_STRING_H 1
| #define HAVE_MEMORY_H 1
| #define HAVE_STRINGS_H 1
| #define HAVE_INTTYPES_H 1
| #define HAVE_STDINT_H 1
| #define HAVE_UNISTD_H 1
| #define HAVE_DLFCN_H 1
| #define LT_OBJDIR ".libs/"
| /* end confdefs.h.  */
| #include <ac_nonexistent.h>
configure:13237: checking for ld used by ccache g++
configure:13304: result: /usr/bin/ld -m elf_x86_64
configure:13311: checking if the linker (/usr/bin/ld -m elf_x86_64) is GNU ld
configure:13326: result: yes
configure:13381: checking whether the ccache g++ linker (/usr/bin/ld -m elf_x86_64) supports shared libraries
configure:14454: result: yes
configure:14490: ccache g++ -c -g -O2 -I/home/ubuntu/Documents/Development/scroom-install/include/ conftest.cpp >&5
configure:14493: $? = 0
configure:14974: checking for ccache g++ option to produce PIC
configure:14981: result: -fPIC -DPIC
configure:14989: checking if ccache g++ PIC flag -fPIC -DPIC works
configure:15007: ccache g++ -c -g -O2 -I/home/ubuntu/Documents/Development/scroom-install/include/ -fPIC -DPIC -DPIC conftest.cpp >&5
configure:15011: $? = 0
configure:15024: result: yes
configure:15047: checking if ccache g++ static flag -static works
configure:15075: result: yes
configure:15087: checking if ccache g++ supports -c -o file.o
configure:15108: ccache g++ -c -g -O2 -I/home/ubuntu/Documents/Development/scroom-install/include/ -o out/conftest2.o conftest.cpp >&5
configure:15112: $? = 0
configure:15134: result: yes
configure:15139: checking if ccache g++ supports -c -o file.o
configure:15186: result: yes
configure:15216: checking whether the ccache g++ linker (/usr/bin/ld -m elf_x86_64) supports shared libraries
configure:15259: result: yes
configure:15400: checking dynamic linker characteristics
configure:16157: result: GNU/Linux ld.so
configure:16222: checking how to hardcode library paths into programs
configure:16247: result: immediate
configure:16292: checking how to run the C++ preprocessor
configure:16358: result: ccache g++ -E
configure:16378: ccache g++ -E -I/home/ubuntu/Documents/Development/scroom-install/include/ conftest.cpp
configure:16378: $? = 0
configure:16392: ccache g++ -E -I/home/ubuntu/Documents/Development/scroom-install/include/ conftest.cpp
conftest.cpp:23:10: fatal error: ac_nonexistent.h: No such file or directory
 #include <ac_nonexistent.h>
          ^~~~~~~~~~~~~~~~~~
compilation terminated.
configure:16392: $? = 1
configure: failed program was:
| /* confdefs.h */
| #define PACKAGE_NAME "Scroom Plugins for Canon Production Printing"
| #define PACKAGE_TARNAME "scroom-cpp-plugins"
| #define PACKAGE_VERSION "Unknown"
| #define PACKAGE_STRING "Scroom Plugins for Canon Production Printing Unknown"
| #define PACKAGE_BUGREPORT ""
| #define PACKAGE_URL ""
| #define PACKAGE "scroom-cpp-plugins"
| #define VERSION "Unknown"
| #define STDC_HEADERS 1
| #define HAVE_SYS_TYPES_H 1
| #define HAVE_SYS_STAT_H 1
| #define HAVE_STDLIB_H 1
| #define HAVE_STRING_H 1
| #define HAVE_MEMORY_H 1
| #define HAVE_STRINGS_H 1
| #define HAVE_INTTYPES_H 1
| #define HAVE_STDINT_H 1
| #define HAVE_UNISTD_H 1
| #define HAVE_DLFCN_H 1
| #define LT_OBJDIR ".libs/"
| /* end confdefs.h.  */
| #include <ac_nonexistent.h>
configure:16420: checking whether ln -s works
configure:16424: result: yes
configure:16439: checking if g++ supports C++0x features without additional flags
configure:16475: ccache g++ -c -g -O2 -I/home/ubuntu/Documents/Development/scroom-install/include/ conftest.cpp >&5
configure:16475: $? = 0
configure:16489: result: yes
configure:16492: checking if g++ supports C++0x features with -std=c++0x
configure:16530: ccache g++ -c -g -O2 -std=c++0x -I/home/ubuntu/Documents/Development/scroom-install/include/ conftest.cpp >&5
configure:16530: $? = 0
configure:16545: result: yes
configure:16548: checking if g++ supports C++0x features with -std=gnu++0x
configure:16586: ccache g++ -c -g -O2 -std=gnu++0x -I/home/ubuntu/Documents/Development/scroom-install/include/ conftest.cpp >&5
configure:16586: $? = 0
configure:16601: result: yes
configure:16617: ccache g++ -c -Wall -g -O2 -I/home/ubuntu/Documents/Development/scroom-install/include/ conftest.cpp >&5
configure:16617: $? = 0
configure:16642: ccache g++ -c -W -Wall -g -O2 -I/home/ubuntu/Documents/Development/scroom-install/include/ conftest.cpp >&5
configure:16642: $? = 0
configure:16667: ccache g++ -c -Wextra -W -Wall -g -O2 -I/home/ubuntu/Documents/Development/scroom-install/include/ conftest.cpp >&5
configure:16667: $? = 0
configure:16692: ccache g++ -c -Wpointer-arith -Wextra -W -Wall -g -O2 -I/home/ubuntu/Documents/Development/scroom-install/include/ conftest.cpp >&5
configure:16692: $? = 0
configure:16717: ccache g++ -c -Wwrite-strings -Wpointer-arith -Wextra -W -Wall -g -O2 -I/home/ubuntu/Documents/Development/scroom-install/include/ conftest.cpp >&5
configure:16717: $? = 0
configure:16742: ccache g++ -c -Wunused -Wwrite-strings -Wpointer-arith -Wextra -W -Wall -g -O2 -I/home/ubuntu/Documents/Development/scroom-install/include/ conftest.cpp >&5
configure:16742: $? = 0
configure:16767: ccache g++ -c -Wredundant-decls -Wunused -Wwrite-strings -Wpointer-arith -Wextra -W -Wall -g -O2 -I/home/ubuntu/Documents/Development/scroom-install/include/ conftest.cpp >&5
configure:16767: $? = 0
configure:16792: ccache g++ -c -Wuninitialized -Wredundant-decls -Wunused -Wwrite-strings -Wpointer-arith -Wextra -W -Wall -g -O2 -I/home/ubuntu/Documents/Development/scroom-install/include/ conftest.cpp >&5
configure:16792: $? = 0
configure:16817: ccache g++ -c -Winit-self -Wuninitialized -Wredundant-decls -Wunused -Wwrite-strings -Wpointer-arith -Wextra -W -Wall -g -O2 -I/home/ubuntu/Documents/Development/scroom-install/include/ conftest.cpp >&5
configure:16817: $? = 0
configure:16842: ccache g++ -c -Wcast-qual -Winit-self -Wuninitialized -Wredundant-decls -Wunused -Wwrite-strings -Wpointer-arith -Wextra -W -Wall -g -O2 -I/home/ubuntu/Documents/Development/scroom-install/include/ conftest.cpp >&5
configure:16842: $? = 0
configure:16867: ccache g++ -c -Wswitch-enum -Wcast-qual -Winit-self -Wuninitialized -Wredundant-decls -Wunused -Wwrite-strings -Wpointer-arith -Wextra -W -Wall -g -O2 -I/home/ubuntu/Documents/Development/scroom-install/include/ conftest.cpp >&5
configure:16867: $? = 0
configure:16892: ccache g++ -c -Wfloat-equal -Wswitch-enum -Wcast-qual -Winit-self -Wuninitialized -Wredundant-decls -Wunused -Wwrite-strings -Wpointer-arith -Wextra -W -Wall -g -O2 -I/home/ubuntu/Documents/Development/scroom-install/include/ conftest.cpp >&5
configure:16892: $? = 0
configure:16917: ccache g++ -c -Wnon-virtual-dtor -Wfloat-equal -Wswitch-enum -Wcast-qual -Winit-self -Wuninitialized -Wredundant-decls -Wunused -Wwrite-strings -Wpointer-arith -Wextra -W -Wall -g -O2 -I/home/ubuntu/Documents/Development/scroom-install/include/ conftest.cpp >&5
configure:16917: $? = 0
configure:16942: ccache g++ -c -Woverloaded-virtual -Wnon-virtual-dtor -Wfloat-equal -Wswitch-enum -Wcast-qual -Winit-self -Wuninitialized -Wredundant-decls -Wunused -Wwrite-strings -Wpointer-arith -Wextra -W -Wall -g -O2 -I/home/ubuntu/Documents/Development/scroom-install/include/ conftest.cpp >&5
configure:16942: $? = 0
configure:16967: ccache g++ -c -Wsign-promo -Woverloaded-virtual -Wnon-virtual-dtor -Wfloat-equal -Wswitch-enum -Wcast-qual -Winit-self -Wuninitialized -Wredundant-decls -Wunused -Wwrite-strings -Wpointer-arith -Wextra -W -Wall -g -O2 -I/home/ubuntu/Documents/Development/scroom-install/include/ conftest.cpp >&5
configure:16967: $? = 0
configure:16980: checking if g++ supports -isystem
configure:16998: ccache g++ -c -isystem . -Wsign-promo -Woverloaded-virtual -Wnon-virtual-dtor -Wfloat-equal -Wswitch-enum -Wcast-qual -Winit-self -Wuninitialized -Wredundant-decls -Wunused -Wwrite-strings -Wpointer-arith -Wextra -W -Wall -g -O2 -I/home/ubuntu/Documents/Development/scroom-install/include/ conftest.cpp >&5
configure:16998: $? = 0
configure:17013: result: yes
configure:17144: checking for doxygen
configure:17162: found /usr/bin/doxygen
configure:17174: result: /usr/bin/doxygen
configure:17250: checking for perl
configure:17268: found /usr/bin/perl
configure:17280: result: /usr/bin/perl
configure:17422: checking for dot
configure:17440: found /usr/bin/dot
configure:17452: result: /usr/bin/dot
configure:19018: checking for pkg-config
configure:19036: found /usr/bin/pkg-config
configure:19048: result: /usr/bin/pkg-config
configure:19073: checking pkg-config is at least version 0.9.0
configure:19076: result: yes
configure:19086: checking for EXAMPLEPLUGIN
configure:19093: $PKG_CONFIG --exists --print-errors "gtk+-2.0 >= 2.0.0, cairo"
configure:19096: $? = 0
configure:19110: $PKG_CONFIG --exists --print-errors "gtk+-2.0 >= 2.0.0, cairo"
configure:19113: $? = 0
configure:19171: result: yes
configure:19179: checking for library containing _Z17createTiledBitmapiiRKSt6vectorIN5boost10shared_ptrI15LayerOperationsEESaIS3_EE
configure:19210: ccache g++ -o conftest -Wsign-promo -Woverloaded-virtual -Wnon-virtual-dtor -Wfloat-equal -Wswitch-enum -Wcast-qual -Winit-self -Wuninitialized -Wredundant-decls -Wunused -Wwrite-strings -Wpointer-arith -Wextra -W -Wall -g -O2 -I/home/ubuntu/Documents/Development/scroom-install/include/ -L/home/ubuntu/Documents/Development/scroom-install/lib -Wl,-z,defs conftest.cpp  >&5
/tmp/ccF56l0F.o: In function `main':
/home/ubuntu/Documents/Development/scroom-plugin-cpp/plugin-build/conftest.cpp:34: undefined reference to `createTiledBitmap(int, int, std::vector<boost::shared_ptr<LayerOperations>, std::allocator<boost::shared_ptr<LayerOperations> > > const&)'
collect2: error: ld returned 1 exit status
configure:19210: $? = 1
configure: failed program was:
| /* confdefs.h */
| #define PACKAGE_NAME "Scroom Plugins for Canon Production Printing"
| #define PACKAGE_TARNAME "scroom-cpp-plugins"
| #define PACKAGE_VERSION "Unknown"
| #define PACKAGE_STRING "Scroom Plugins for Canon Production Printing Unknown"
| #define PACKAGE_BUGREPORT ""
| #define PACKAGE_URL ""
| #define PACKAGE "scroom-cpp-plugins"
| #define VERSION "Unknown"
| #define STDC_HEADERS 1
| #define HAVE_SYS_TYPES_H 1
| #define HAVE_SYS_STAT_H 1
| #define HAVE_STDLIB_H 1
| #define HAVE_STRING_H 1
| #define HAVE_MEMORY_H 1
| #define HAVE_STRINGS_H 1
| #define HAVE_INTTYPES_H 1
| #define HAVE_STDINT_H 1
| #define HAVE_UNISTD_H 1
| #define HAVE_DLFCN_H 1
| #define LT_OBJDIR ".libs/"
| /* end confdefs.h.  */
| 
| /* Override any GCC internal prototype to avoid an error.
|    Use char because int might match the return type of a GCC
|    builtin and then its argument prototype would still apply.  */
| #ifdef __cplusplus
| extern "C"
| #endif
| char _Z17createTiledBitmapiiRKSt6vectorIN5boost10shared_ptrI15LayerOperationsEESaIS3_EE ();
| int
| main ()
| {
| return _Z17createTiledBitmapiiRKSt6vectorIN5boost10shared_ptrI15LayerOperationsEESaIS3_EE ();
|   ;
|   return 0;
| }
configure:19210: ccache g++ -o conftest -Wsign-promo -Woverloaded-virtual -Wnon-virtual-dtor -Wfloat-equal -Wswitch-enum -Wcast-qual -Winit-self -Wuninitialized -Wredundant-decls -Wunused -Wwrite-strings -Wpointer-arith -Wextra -W -Wall -g -O2 -I/home/ubuntu/Documents/Development/scroom-install/include/ -L/home/ubuntu/Documents/Development/scroom-install/lib -Wl,-z,defs conftest.cpp -lstiledbitmap   >&5
configure:19210: $? = 0
configure:19227: result: -lstiledbitmap
configure:19242: checking for library containing _ZN6Scroom6Bitmap13BitmapSurface6createEii13_cairo_format
configure:19273: ccache g++ -o conftest -Wsign-promo -Woverloaded-virtual -Wnon-virtual-dtor -Wfloat-equal -Wswitch-enum -Wcast-qual -Winit-self -Wuninitialized -Wredundant-decls -Wunused -Wwrite-strings -Wpointer-arith -Wextra -W -Wall -g -O2 -I/home/ubuntu/Documents/Development/scroom-install/include/ -L/home/ubuntu/Documents/Development/scroom-install/lib -Wl,-z,defs conftest.cpp  >&5
/tmp/cccZUWOU.o: In function `main':
/home/ubuntu/Documents/Development/scroom-plugin-cpp/plugin-build/conftest.cpp:34: undefined reference to `Scroom::Bitmap::BitmapSurface::create(int, int, _cairo_format)'
collect2: error: ld returned 1 exit status
configure:19273: $? = 1
configure: failed program was:
| /* confdefs.h */
| #define PACKAGE_NAME "Scroom Plugins for Canon Production Printing"
| #define PACKAGE_TARNAME "scroom-cpp-plugins"
| #define PACKAGE_VERSION "Unknown"
| #define PACKAGE_STRING "Scroom Plugins for Canon Production Printing Unknown"
| #define PACKAGE_BUGREPORT ""
| #define PACKAGE_URL ""
| #define PACKAGE "scroom-cpp-plugins"
| #define VERSION "Unknown"
| #define STDC_HEADERS 1
| #define HAVE_SYS_TYPES_H 1
| #define HAVE_SYS_STAT_H 1
| #define HAVE_STDLIB_H 1
| #define HAVE_STRING_H 1
| #define HAVE_MEMORY_H 1
| #define HAVE_STRINGS_H 1
| #define HAVE_INTTYPES_H 1
| #define HAVE_STDINT_H 1
| #define HAVE_UNISTD_H 1
| #define HAVE_DLFCN_H 1
| #define LT_OBJDIR ".libs/"
| /* end confdefs.h.  */
| 
| /* Override any GCC internal prototype to avoid an error.
|    Use char because int might match the return type of a GCC
|    builtin and then its argument prototype would still apply.  */
| #ifdef __cplusplus
| extern "C"
| #endif
| char _ZN6Scroom6Bitmap13BitmapSurface6createEii13_cairo_format ();
| int
| main ()
| {
| return _ZN6Scroom6Bitmap13BitmapSurface6createEii13_cairo_format ();
|   ;
|   return 0;
| }
configure:19273: ccache g++ -o conftest -Wsign-promo -Woverloaded-virtual -Wnon-virtual-dtor -Wfloat-equal -Wswitch-enum -Wcast-qual -Winit-self -Wuninitialized -Wredundant-decls -Wunused -Wwrite-strings -Wpointer-arith -Wextra -W -Wall -g -O2 -I/home/ubuntu/Documents/Development/scroom-install/include/ -L/home/ubuntu/Documents/Development/scroom-install/lib -Wl,-z,defs conftest.cpp -lsscroom   >&5
configure:19273: $? = 0
configure:19290: result: -lsscroom
configure:19309: checking for library containing _ZN6Scroom5Utils6Detail15assertionFailedEPKcS3_S3_S3_j
configure:19340: ccache g++ -o conftest -Wsign-promo -Woverloaded-virtual -Wnon-virtual-dtor -Wfloat-equal -Wswitch-enum -Wcast-qual -Winit-self -Wuninitialized -Wredundant-decls -Wunused -Wwrite-strings -Wpointer-arith -Wextra -W -Wall -g -O2 -I/home/ubuntu/Documents/Development/scroom-install/include/ -L/home/ubuntu/Documents/Development/scroom-install/lib -Wl,-z,defs conftest.cpp  >&5
/tmp/cc3cTHZ7.o: In function `main':
/home/ubuntu/Documents/Development/scroom-plugin-cpp/plugin-build/conftest.cpp:34: undefined reference to `Scroom::Utils::Detail::assertionFailed(char const*, char const*, char const*, char const*, unsigned int)'
collect2: error: ld returned 1 exit status
configure:19340: $? = 1
configure: failed program was:
| /* confdefs.h */
| #define PACKAGE_NAME "Scroom Plugins for Canon Production Printing"
| #define PACKAGE_TARNAME "scroom-cpp-plugins"
| #define PACKAGE_VERSION "Unknown"
| #define PACKAGE_STRING "Scroom Plugins for Canon Production Printing Unknown"
| #define PACKAGE_BUGREPORT ""
| #define PACKAGE_URL ""
| #define PACKAGE "scroom-cpp-plugins"
| #define VERSION "Unknown"
| #define STDC_HEADERS 1
| #define HAVE_SYS_TYPES_H 1
| #define HAVE_SYS_STAT_H 1
| #define HAVE_STDLIB_H 1
| #define HAVE_STRING_H 1
| #define HAVE_MEMORY_H 1
| #define HAVE_STRINGS_H 1
| #define HAVE_INTTYPES_H 1
| #define HAVE_STDINT_H 1
| #define HAVE_UNISTD_H 1
| #define HAVE_DLFCN_H 1
| #define LT_OBJDIR ".libs/"
| /* end confdefs.h.  */
| 
| /* Override any GCC internal prototype to avoid an error.
|    Use char because int might match the return type of a GCC
|    builtin and then its argument prototype would still apply.  */
| #ifdef __cplusplus
| extern "C"
| #endif
| char _ZN6Scroom5Utils6Detail15assertionFailedEPKcS3_S3_S3_j ();
| int
| main ()
| {
| return _ZN6Scroom5Utils6Detail15assertionFailedEPKcS3_S3_S3_j ();
|   ;
|   return 0;
| }
configure:19340: ccache g++ -o conftest -Wsign-promo -Woverloaded-virtual -Wnon-virtual-dtor -Wfloat-equal -Wswitch-enum -Wcast-qual -Winit-self -Wuninitialized -Wredundant-decls -Wunused -Wwrite-strings -Wpointer-arith -Wextra -W -Wall -g -O2 -I/home/ubuntu/Documents/Development/scroom-install/include/ -L/home/ubuntu/Documents/Development/scroom-install/lib -Wl,-z,defs conftest.cpp -lsutil   >&5
configure:19340: $? = 0
configure:19357: result: -lsutil
configure:19376: checking for library containing _Z8CpuBoundv
configure:19407: ccache g++ -o conftest -Wsign-promo -Woverloaded-virtual -Wnon-virtual-dtor -Wfloat-equal -Wswitch-enum -Wcast-qual -Winit-self -Wuninitialized -Wredundant-decls -Wunused -Wwrite-strings -Wpointer-arith -Wextra -W -Wall -g -O2 -I/home/ubuntu/Documents/Development/scroom-install/include/ -L/home/ubuntu/Documents/Development/scroom-install/lib -Wl,-z,defs conftest.cpp  >&5
/tmp/cc4iyCbl.o: In function `main':
/home/ubuntu/Documents/Development/scroom-plugin-cpp/plugin-build/conftest.cpp:34: undefined reference to `CpuBound()'
collect2: error: ld returned 1 exit status
configure:19407: $? = 1
configure: failed program was:
| /* confdefs.h */
| #define PACKAGE_NAME "Scroom Plugins for Canon Production Printing"
| #define PACKAGE_TARNAME "scroom-cpp-plugins"
| #define PACKAGE_VERSION "Unknown"
| #define PACKAGE_STRING "Scroom Plugins for Canon Production Printing Unknown"
| #define PACKAGE_BUGREPORT ""
| #define PACKAGE_URL ""
| #define PACKAGE "scroom-cpp-plugins"
| #define VERSION "Unknown"
| #define STDC_HEADERS 1
| #define HAVE_SYS_TYPES_H 1
| #define HAVE_SYS_STAT_H 1
| #define HAVE_STDLIB_H 1
| #define HAVE_STRING_H 1
| #define HAVE_MEMORY_H 1
| #define HAVE_STRINGS_H 1
| #define HAVE_INTTYPES_H 1
| #define HAVE_STDINT_H 1
| #define HAVE_UNISTD_H 1
| #define HAVE_DLFCN_H 1
| #define LT_OBJDIR ".libs/"
| /* end confdefs.h.  */
| 
| /* Override any GCC internal prototype to avoid an error.
|    Use char because int might match the return type of a GCC
|    builtin and then its argument prototype would still apply.  */
| #ifdef __cplusplus
| extern "C"
| #endif
| char _Z8CpuBoundv ();
| int
| main ()
| {
| return _Z8CpuBoundv ();
|   ;
|   return 0;
| }
configure:19407: ccache g++ -o conftest -Wsign-promo -Woverloaded-virtual -Wnon-virtual-dtor -Wfloat-equal -Wswitch-enum -Wcast-qual -Winit-self -Wuninitialized -Wredundant-decls -Wunused -Wwrite-strings -Wpointer-arith -Wextra -W -Wall -g -O2 -I/home/ubuntu/Documents/Development/scroom-install/include/ -L/home/ubuntu/Documents/Development/scroom-install/lib -Wl,-z,defs conftest.cpp -lsthreadpool   >&5
configure:19407: $? = 0
configure:19424: result: -lsthreadpool
configure:19446: checking for stdlib.h
configure:19446: result: yes
configure:19446: checking for string.h
configure:19446: result: yes
configure:19459: checking scroom/observable.hh usability
configure:19459: ccache g++ -c -Wsign-promo -Woverloaded-virtual -Wnon-virtual-dtor -Wfloat-equal -Wswitch-enum -Wcast-qual -Winit-self -Wuninitialized -Wredundant-decls -Wunused -Wwrite-strings -Wpointer-arith -Wextra -W -Wall -g -O2 -I/home/ubuntu/Documents/Development/scroom-install/include/ conftest.cpp >&5
configure:19459: $? = 0
configure:19459: result: yes
configure:19459: checking scroom/observable.hh presence
configure:19459: ccache g++ -E -I/home/ubuntu/Documents/Development/scroom-install/include/ conftest.cpp
configure:19459: $? = 0
configure:19459: result: yes
configure:19459: checking for scroom/observable.hh
configure:19459: result: yes
configure:19459: checking scroom/unused.hh usability
configure:19459: ccache g++ -c -Wsign-promo -Woverloaded-virtual -Wnon-virtual-dtor -Wfloat-equal -Wswitch-enum -Wcast-qual -Winit-self -Wuninitialized -Wredundant-decls -Wunused -Wwrite-strings -Wpointer-arith -Wextra -W -Wall -g -O2 -I/home/ubuntu/Documents/Development/scroom-install/include/ conftest.cpp >&5
configure:19459: $? = 0
configure:19459: result: yes
configure:19459: checking scroom/unused.hh presence
configure:19459: ccache g++ -E -I/home/ubuntu/Documents/Development/scroom-install/include/ conftest.cpp
configure:19459: $? = 0
configure:19459: result: yes
configure:19459: checking for scroom/unused.hh
configure:19459: result: yes
configure:19459: checking scroom/utilities.hh usability
configure:19459: ccache g++ -c -Wsign-promo -Woverloaded-virtual -Wnon-virtual-dtor -Wfloat-equal -Wswitch-enum -Wcast-qual -Winit-self -Wuninitialized -Wredundant-decls -Wunused -Wwrite-strings -Wpointer-arith -Wextra -W -Wall -g -O2 -I/home/ubuntu/Documents/Development/scroom-install/include/ conftest.cpp >&5
configure:19459: $? = 0
configure:19459: result: yes
configure:19459: checking scroom/utilities.hh presence
configure:19459: ccache g++ -E -I/home/ubuntu/Documents/Development/scroom-install/include/ conftest.cpp
configure:19459: $? = 0
configure:19459: result: yes
configure:19459: checking for scroom/utilities.hh
configure:19459: result: yes
configure:19471: checking for stdbool.h that conforms to C99
configure:19538: ccache g++ -c -Wsign-promo -Woverloaded-virtual -Wnon-virtual-dtor -Wfloat-equal -Wswitch-enum -Wcast-qual -Winit-self -Wuninitialized -Wredundant-decls -Wunused -Wwrite-strings -Wpointer-arith -Wextra -W -Wall -g -O2 -I/home/ubuntu/Documents/Development/scroom-install/include/ conftest.cpp >&5
conftest.cpp:31:15: error: expected unqualified-id before string constant
               "error: bool is not defined"
               ^~~~~~~~~~~~~~~~~~~~~~~~~~~~
conftest.cpp:49:48: error: 's' does not name a type
              struct s { _Bool s: 1; _Bool t; } s;
                                                ^
conftest.cpp:59:28: error: 's' was not declared in this scope
              char i[sizeof s.t];
                            ^
conftest.cpp: In function 'int main()':
conftest.cpp:77:24: error: 's' was not declared in this scope
              bool e = &s;
                        ^
conftest.cpp:81:63: error: 'i' was not declared in this scope
              return (!a + !b + !c + !d + !e + !f + !g + !h + !i + !!j + !k + !!l
                                                               ^
conftest.cpp:82:25: warning: enum constant in boolean context [-Wint-in-bool-context]
                         ^
configure:19538: $? = 1
configure: failed program was:
| /* confdefs.h */
| #define PACKAGE_NAME "Scroom Plugins for Canon Production Printing"
| #define PACKAGE_TARNAME "scroom-cpp-plugins"
| #define PACKAGE_VERSION "Unknown"
| #define PACKAGE_STRING "Scroom Plugins for Canon Production Printing Unknown"
| #define PACKAGE_BUGREPORT ""
| #define PACKAGE_URL ""
| #define PACKAGE "scroom-cpp-plugins"
| #define VERSION "Unknown"
| #define STDC_HEADERS 1
| #define HAVE_SYS_TYPES_H 1
| #define HAVE_SYS_STAT_H 1
| #define HAVE_STDLIB_H 1
| #define HAVE_STRING_H 1
| #define HAVE_MEMORY_H 1
| #define HAVE_STRINGS_H 1
| #define HAVE_INTTYPES_H 1
| #define HAVE_STDINT_H 1
| #define HAVE_UNISTD_H 1
| #define HAVE_DLFCN_H 1
| #define LT_OBJDIR ".libs/"
| #define HAVE_STDLIB_H 1
| #define HAVE_STRING_H 1
| #define HAVE_SCROOM_OBSERVABLE_HH 1
| #define HAVE_SCROOM_UNUSED_HH 1
| #define HAVE_SCROOM_UTILITIES_HH 1
| /* end confdefs.h.  */
| 
|              #include <stdbool.h>
|              #ifndef bool
|               "error: bool is not defined"
|              #endif
|              #ifndef false
|               "error: false is not defined"
|              #endif
|              #if false
|               "error: false is not 0"
|              #endif
|              #ifndef true
|               "error: true is not defined"
|              #endif
|              #if true != 1
|               "error: true is not 1"
|              #endif
|              #ifndef __bool_true_false_are_defined
|               "error: __bool_true_false_are_defined is not defined"
|              #endif
| 
|              struct s { _Bool s: 1; _Bool t; } s;
| 
|              char a[true == 1 ? 1 : -1];
|              char b[false == 0 ? 1 : -1];
|              char c[__bool_true_false_are_defined == 1 ? 1 : -1];
|              char d[(bool) 0.5 == true ? 1 : -1];
|              /* See body of main program for 'e'.  */
|              char f[(_Bool) 0.0 == false ? 1 : -1];
|              char g[true];
|              char h[sizeof (_Bool)];
|              char i[sizeof s.t];
|              enum { j = false, k = true, l = false * true, m = true * 256 };
|              /* The following fails for
|                 HP aC++/ANSI C B3910B A.05.55 [Dec 04 2003]. */
|              _Bool n[m];
|              char o[sizeof n == m * sizeof n[0] ? 1 : -1];
|              char p[-1 - (_Bool) 0 < 0 && -1 - (bool) 0 < 0 ? 1 : -1];
|              /* Catch a bug in an HP-UX C compiler.  See
|                 http://gcc.gnu.org/ml/gcc-patches/2003-12/msg02303.html
|                 http://lists.gnu.org/archive/html/bug-coreutils/2005-11/msg00161.html
|               */
|              _Bool q = true;
|              _Bool *pq = &q;
| 
| int
| main ()
| {
| 
|              bool e = &s;
|              *pq |= q;
|              *pq |= ! q;
|              /* Refer to every declared value, to avoid compiler optimizations.  */
|              return (!a + !b + !c + !d + !e + !f + !g + !h + !i + !!j + !k + !!l
|                      + !m + !n + !o + !p + !q + !pq);
| 
|   ;
|   return 0;
| }
configure:19545: result: no
configure:19547: checking for _Bool
configure:19547: ccache g++ -c -Wsign-promo -Woverloaded-virtual -Wnon-virtual-dtor -Wfloat-equal -Wswitch-enum -Wcast-qual -Winit-self -Wuninitialized -Wredundant-decls -Wunused -Wwrite-strings -Wpointer-arith -Wextra -W -Wall -g -O2 -I/home/ubuntu/Documents/Development/scroom-install/include/ conftest.cpp >&5
conftest.cpp: In function 'int main()':
conftest.cpp:64:13: error: '_Bool' was not declared in this scope
 if (sizeof (_Bool))
             ^~~~~
conftest.cpp:64:13: note: suggested alternative: 'bool'
 if (sizeof (_Bool))
             ^~~~~
             bool
configure:19547: $? = 1
configure: failed program was:
| /* confdefs.h */
| #define PACKAGE_NAME "Scroom Plugins for Canon Production Printing"
| #define PACKAGE_TARNAME "scroom-cpp-plugins"
| #define PACKAGE_VERSION "Unknown"
| #define PACKAGE_STRING "Scroom Plugins for Canon Production Printing Unknown"
| #define PACKAGE_BUGREPORT ""
| #define PACKAGE_URL ""
| #define PACKAGE "scroom-cpp-plugins"
| #define VERSION "Unknown"
| #define STDC_HEADERS 1
| #define HAVE_SYS_TYPES_H 1
| #define HAVE_SYS_STAT_H 1
| #define HAVE_STDLIB_H 1
| #define HAVE_STRING_H 1
| #define HAVE_MEMORY_H 1
| #define HAVE_STRINGS_H 1
| #define HAVE_INTTYPES_H 1
| #define HAVE_STDINT_H 1
| #define HAVE_UNISTD_H 1
| #define HAVE_DLFCN_H 1
| #define LT_OBJDIR ".libs/"
| #define HAVE_STDLIB_H 1
| #define HAVE_STRING_H 1
| #define HAVE_SCROOM_OBSERVABLE_HH 1
| #define HAVE_SCROOM_UNUSED_HH 1
| #define HAVE_SCROOM_UTILITIES_HH 1
| /* end confdefs.h.  */
| #include <stdio.h>
| #ifdef HAVE_SYS_TYPES_H
| # include <sys/types.h>
| #endif
| #ifdef HAVE_SYS_STAT_H
| # include <sys/stat.h>
| #endif
| #ifdef STDC_HEADERS
| # include <stdlib.h>
| # include <stddef.h>
| #else
| # ifdef HAVE_STDLIB_H
| #  include <stdlib.h>
| # endif
| #endif
| #ifdef HAVE_STRING_H
| # if !defined STDC_HEADERS && defined HAVE_MEMORY_H
| #  include <memory.h>
| # endif
| # include <string.h>
| #endif
| #ifdef HAVE_STRINGS_H
| # include <strings.h>
| #endif
| #ifdef HAVE_INTTYPES_H
| # include <inttypes.h>
| #endif
| #ifdef HAVE_STDINT_H
| # include <stdint.h>
| #endif
| #ifdef HAVE_UNISTD_H
| # include <unistd.h>
| #endif
| int
| main ()
| {
| if (sizeof (_Bool))
| 	 return 0;
|   ;
|   return 0;
| }
configure:19547: result: no
configure:19564: checking for inline
configure:19580: ccache g++ -c -Wsign-promo -Woverloaded-virtual -Wnon-virtual-dtor -Wfloat-equal -Wswitch-enum -Wcast-qual -Winit-self -Wuninitialized -Wredundant-decls -Wunused -Wwrite-strings -Wpointer-arith -Wextra -W -Wall -g -O2 -I/home/ubuntu/Documents/Development/scroom-install/include/ conftest.cpp >&5
configure:19580: $? = 0
configure:19588: result: inline
configure:19606: checking for size_t
configure:19606: ccache g++ -c -Wsign-promo -Woverloaded-virtual -Wnon-virtual-dtor -Wfloat-equal -Wswitch-enum -Wcast-qual -Winit-self -Wuninitialized -Wredundant-decls -Wunused -Wwrite-strings -Wpointer-arith -Wextra -W -Wall -g -O2 -I/home/ubuntu/Documents/Development/scroom-install/include/ conftest.cpp >&5
configure:19606: $? = 0
configure:19606: ccache g++ -c -Wsign-promo -Woverloaded-virtual -Wnon-virtual-dtor -Wfloat-equal -Wswitch-enum -Wcast-qual -Winit-self -Wuninitialized -Wredundant-decls -Wunused -Wwrite-strings -Wpointer-arith -Wextra -W -Wall -g -O2 -I/home/ubuntu/Documents/Development/scroom-install/include/ conftest.cpp >&5
conftest.cpp: In function 'int main()':
conftest.cpp:64:20: error: expected primary-expression before ')' token
 if (sizeof ((size_t)))
                    ^
configure:19606: $? = 1
configure: failed program was:
| /* confdefs.h */
| #define PACKAGE_NAME "Scroom Plugins for Canon Production Printing"
| #define PACKAGE_TARNAME "scroom-cpp-plugins"
| #define PACKAGE_VERSION "Unknown"
| #define PACKAGE_STRING "Scroom Plugins for Canon Production Printing Unknown"
| #define PACKAGE_BUGREPORT ""
| #define PACKAGE_URL ""
| #define PACKAGE "scroom-cpp-plugins"
| #define VERSION "Unknown"
| #define STDC_HEADERS 1
| #define HAVE_SYS_TYPES_H 1
| #define HAVE_SYS_STAT_H 1
| #define HAVE_STDLIB_H 1
| #define HAVE_STRING_H 1
| #define HAVE_MEMORY_H 1
| #define HAVE_STRINGS_H 1
| #define HAVE_INTTYPES_H 1
| #define HAVE_STDINT_H 1
| #define HAVE_UNISTD_H 1
| #define HAVE_DLFCN_H 1
| #define LT_OBJDIR ".libs/"
| #define HAVE_STDLIB_H 1
| #define HAVE_STRING_H 1
| #define HAVE_SCROOM_OBSERVABLE_HH 1
| #define HAVE_SCROOM_UNUSED_HH 1
| #define HAVE_SCROOM_UTILITIES_HH 1
| /* end confdefs.h.  */
| #include <stdio.h>
| #ifdef HAVE_SYS_TYPES_H
| # include <sys/types.h>
| #endif
| #ifdef HAVE_SYS_STAT_H
| # include <sys/stat.h>
| #endif
| #ifdef STDC_HEADERS
| # include <stdlib.h>
| # include <stddef.h>
| #else
| # ifdef HAVE_STDLIB_H
| #  include <stdlib.h>
| # endif
| #endif
| #ifdef HAVE_STRING_H
| # if !defined STDC_HEADERS && defined HAVE_MEMORY_H
| #  include <memory.h>
| # endif
| # include <string.h>
| #endif
| #ifdef HAVE_STRINGS_H
| # include <strings.h>
| #endif
| #ifdef HAVE_INTTYPES_H
| # include <inttypes.h>
| #endif
| #ifdef HAVE_STDINT_H
| # include <stdint.h>
| #endif
| #ifdef HAVE_UNISTD_H
| # include <unistd.h>
| #endif
| int
| main ()
| {
| if (sizeof ((size_t)))
| 	    return 0;
|   ;
|   return 0;
| }
configure:19606: result: yes
configure:19621: checking for stdlib.h
configure:19621: result: yes
configure:19631: checking for GNU libc compatible malloc
configure:19655: ccache g++ -o conftest -Wsign-promo -Woverloaded-virtual -Wnon-virtual-dtor -Wfloat-equal -Wswitch-enum -Wcast-qual -Winit-self -Wuninitialized -Wredundant-decls -Wunused -Wwrite-strings -Wpointer-arith -Wextra -W -Wall -g -O2 -I/home/ubuntu/Documents/Development/scroom-install/include/ -L/home/ubuntu/Documents/Development/scroom-install/lib -Wl,-z,defs conftest.cpp  >&5
configure:19655: $? = 0
configure:19655: ./conftest
configure:19655: $? = 0
configure:19665: result: yes
configure:19689: checking for memset
configure:19689: ccache g++ -o conftest -Wsign-promo -Woverloaded-virtual -Wnon-virtual-dtor -Wfloat-equal -Wswitch-enum -Wcast-qual -Winit-self -Wuninitialized -Wredundant-decls -Wunused -Wwrite-strings -Wpointer-arith -Wextra -W -Wall -g -O2 -I/home/ubuntu/Documents/Development/scroom-install/include/ -L/home/ubuntu/Documents/Development/scroom-install/lib -Wl,-z,defs conftest.cpp  >&5
conftest.cpp:53:6: warning: declaration of 'char memset()' conflicts with built-in declaration 'void* memset(void*, int, long unsigned int)' [-Wbuiltin-declaration-mismatch]
 char memset ();
      ^~~~~~
configure:19689: $? = 0
configure:19689: result: yes
configure:19689: checking for pow
configure:19689: ccache g++ -o conftest -Wsign-promo -Woverloaded-virtual -Wnon-virtual-dtor -Wfloat-equal -Wswitch-enum -Wcast-qual -Winit-self -Wuninitialized -Wredundant-decls -Wunused -Wwrite-strings -Wpointer-arith -Wextra -W -Wall -g -O2 -I/home/ubuntu/Documents/Development/scroom-install/include/ -L/home/ubuntu/Documents/Development/scroom-install/lib -Wl,-z,defs conftest.cpp  >&5
conftest.cpp:54:6: warning: declaration of 'char pow()' conflicts with built-in declaration 'double pow(double, double)' [-Wbuiltin-declaration-mismatch]
 char pow ();
      ^~~
configure:19689: $? = 0
configure:19689: result: yes
configure:19689: checking for select
configure:19689: ccache g++ -o conftest -Wsign-promo -Woverloaded-virtual -Wnon-virtual-dtor -Wfloat-equal -Wswitch-enum -Wcast-qual -Winit-self -Wuninitialized -Wredundant-decls -Wunused -Wwrite-strings -Wpointer-arith -Wextra -W -Wall -g -O2 -I/home/ubuntu/Documents/Development/scroom-install/include/ -L/home/ubuntu/Documents/Development/scroom-install/lib -Wl,-z,defs conftest.cpp  >&5
configure:19689: $? = 0
configure:19689: result: yes
configure:19689: checking for sqrt
configure:19689: ccache g++ -o conftest -Wsign-promo -Woverloaded-virtual -Wnon-virtual-dtor -Wfloat-equal -Wswitch-enum -Wcast-qual -Winit-self -Wuninitialized -Wredundant-decls -Wunused -Wwrite-strings -Wpointer-arith -Wextra -W -Wall -g -O2 -I/home/ubuntu/Documents/Development/scroom-install/include/ -L/home/ubuntu/Documents/Development/scroom-install/lib -Wl,-z,defs conftest.cpp  >&5
conftest.cpp:56:6: warning: declaration of 'char sqrt()' conflicts with built-in declaration 'double sqrt(double)' [-Wbuiltin-declaration-mismatch]
 char sqrt ();
      ^~~~
configure:19689: $? = 0
configure:19689: result: yes
configure:19689: checking for strerror
configure:19689: ccache g++ -o conftest -Wsign-promo -Woverloaded-virtual -Wnon-virtual-dtor -Wfloat-equal -Wswitch-enum -Wcast-qual -Winit-self -Wuninitialized -Wredundant-decls -Wunused -Wwrite-strings -Wpointer-arith -Wextra -W -Wall -g -O2 -I/home/ubuntu/Documents/Development/scroom-install/include/ -L/home/ubuntu/Documents/Development/scroom-install/lib -Wl,-z,defs conftest.cpp  >&5
configure:19689: $? = 0
configure:19689: result: yes
configure:19702: checking for library containing _ZN5boost6system16generic_categoryEv
configure:19733: ccache g++ -o conftest -Wsign-promo -Woverloaded-virtual -Wnon-virtual-dtor -Wfloat-equal -Wswitch-enum -Wcast-qual -Winit-self -Wuninitialized -Wredundant-decls -Wunused -Wwrite-strings -Wpointer-arith -Wextra -W -Wall -g -O2 -I/home/ubuntu/Documents/Development/scroom-install/include/ -L/home/ubuntu/Documents/Development/scroom-install/lib -Wl,-z,defs conftest.cpp  >&5
/tmp/ccXMexEx.o: In function `main':
/home/ubuntu/Documents/Development/scroom-plugin-cpp/plugin-build/conftest.cpp:46: undefined reference to `boost::system::generic_category()'
collect2: error: ld returned 1 exit status
configure:19733: $? = 1
configure: failed program was:
| /* confdefs.h */
| #define PACKAGE_NAME "Scroom Plugins for Canon Production Printing"
| #define PACKAGE_TARNAME "scroom-cpp-plugins"
| #define PACKAGE_VERSION "Unknown"
| #define PACKAGE_STRING "Scroom Plugins for Canon Production Printing Unknown"
| #define PACKAGE_BUGREPORT ""
| #define PACKAGE_URL ""
| #define PACKAGE "scroom-cpp-plugins"
| #define VERSION "Unknown"
| #define STDC_HEADERS 1
| #define HAVE_SYS_TYPES_H 1
| #define HAVE_SYS_STAT_H 1
| #define HAVE_STDLIB_H 1
| #define HAVE_STRING_H 1
| #define HAVE_MEMORY_H 1
| #define HAVE_STRINGS_H 1
| #define HAVE_INTTYPES_H 1
| #define HAVE_STDINT_H 1
| #define HAVE_UNISTD_H 1
| #define HAVE_DLFCN_H 1
| #define LT_OBJDIR ".libs/"
| #define HAVE_STDLIB_H 1
| #define HAVE_STRING_H 1
| #define HAVE_SCROOM_OBSERVABLE_HH 1
| #define HAVE_SCROOM_UNUSED_HH 1
| #define HAVE_SCROOM_UTILITIES_HH 1
| #define HAVE_STDLIB_H 1
| #define HAVE_MALLOC 1
| #define HAVE_MEMSET 1
| #define HAVE_POW 1
| #define HAVE_SELECT 1
| #define HAVE_SQRT 1
| #define HAVE_STRERROR 1
| /* end confdefs.h.  */
| 
| /* Override any GCC internal prototype to avoid an error.
|    Use char because int might match the return type of a GCC
|    builtin and then its argument prototype would still apply.  */
| #ifdef __cplusplus
| extern "C"
| #endif
| char _ZN5boost6system16generic_categoryEv ();
| int
| main ()
| {
| return _ZN5boost6system16generic_categoryEv ();
|   ;
|   return 0;
| }
configure:19733: ccache g++ -o conftest -Wsign-promo -Woverloaded-virtual -Wnon-virtual-dtor -Wfloat-equal -Wswitch-enum -Wcast-qual -Winit-self -Wuninitialized -Wredundant-decls -Wunused -Wwrite-strings -Wpointer-arith -Wextra -W -Wall -g -O2 -I/home/ubuntu/Documents/Development/scroom-install/include/ -L/home/ubuntu/Documents/Development/scroom-install/lib -Wl,-z,defs conftest.cpp -lboost_system-mt   >&5
/usr/bin/ld: cannot find -lboost_system-mt
collect2: error: ld returned 1 exit status
configure:19733: $? = 1
configure: failed program was:
| /* confdefs.h */
| #define PACKAGE_NAME "Scroom Plugins for Canon Production Printing"
| #define PACKAGE_TARNAME "scroom-cpp-plugins"
| #define PACKAGE_VERSION "Unknown"
| #define PACKAGE_STRING "Scroom Plugins for Canon Production Printing Unknown"
| #define PACKAGE_BUGREPORT ""
| #define PACKAGE_URL ""
| #define PACKAGE "scroom-cpp-plugins"
| #define VERSION "Unknown"
| #define STDC_HEADERS 1
| #define HAVE_SYS_TYPES_H 1
| #define HAVE_SYS_STAT_H 1
| #define HAVE_STDLIB_H 1
| #define HAVE_STRING_H 1
| #define HAVE_MEMORY_H 1
| #define HAVE_STRINGS_H 1
| #define HAVE_INTTYPES_H 1
| #define HAVE_STDINT_H 1
| #define HAVE_UNISTD_H 1
| #define HAVE_DLFCN_H 1
| #define LT_OBJDIR ".libs/"
| #define HAVE_STDLIB_H 1
| #define HAVE_STRING_H 1
| #define HAVE_SCROOM_OBSERVABLE_HH 1
| #define HAVE_SCROOM_UNUSED_HH 1
| #define HAVE_SCROOM_UTILITIES_HH 1
| #define HAVE_STDLIB_H 1
| #define HAVE_MALLOC 1
| #define HAVE_MEMSET 1
| #define HAVE_POW 1
| #define HAVE_SELECT 1
| #define HAVE_SQRT 1
| #define HAVE_STRERROR 1
| /* end confdefs.h.  */
| 
| /* Override any GCC internal prototype to avoid an error.
|    Use char because int might match the return type of a GCC
|    builtin and then its argument prototype would still apply.  */
| #ifdef __cplusplus
| extern "C"
| #endif
| char _ZN5boost6system16generic_categoryEv ();
| int
| main ()
| {
| return _ZN5boost6system16generic_categoryEv ();
|   ;
|   return 0;
| }
configure:19733: ccache g++ -o conftest -Wsign-promo -Woverloaded-virtual -Wnon-virtual-dtor -Wfloat-equal -Wswitch-enum -Wcast-qual -Winit-self -Wuninitialized -Wredundant-decls -Wunused -Wwrite-strings -Wpointer-arith -Wextra -W -Wall -g -O2 -I/home/ubuntu/Documents/Development/scroom-install/include/ -L/home/ubuntu/Documents/Development/scroom-install/lib -Wl,-z,defs conftest.cpp -lboost_system   >&5
configure:19733: $? = 0
configure:19750: result: -lboost_system
configure:19770: checking boost/thread.hpp usability
configure:19770: ccache g++ -c -Wsign-promo -Woverloaded-virtual -Wnon-virtual-dtor -Wfloat-equal -Wswitch-enum -Wcast-qual -Winit-self -Wuninitialized -Wredundant-decls -Wunused -Wwrite-strings -Wpointer-arith -Wextra -W -Wall -g -O2 -I/home/ubuntu/Documents/Development/scroom-install/include/ conftest.cpp >&5
configure:19770: $? = 0
configure:19770: result: yes
configure:19770: checking boost/thread.hpp presence
configure:19770: ccache g++ -E -I/home/ubuntu/Documents/Development/scroom-install/include/ conftest.cpp
configure:19770: $? = 0
configure:19770: result: yes
configure:19770: checking for boost/thread.hpp
configure:19770: result: yes
configure:19770: checking boost/thread/mutex.hpp usability
configure:19770: ccache g++ -c -Wsign-promo -Woverloaded-virtual -Wnon-virtual-dtor -Wfloat-equal -Wswitch-enum -Wcast-qual -Winit-self -Wuninitialized -Wredundant-decls -Wunused -Wwrite-strings -Wpointer-arith -Wextra -W -Wall -g -O2 -I/home/ubuntu/Documents/Development/scroom-install/include/ conftest.cpp >&5
configure:19770: $? = 0
configure:19770: result: yes
configure:19770: checking boost/thread/mutex.hpp presence
configure:19770: ccache g++ -E -I/home/ubuntu/Documents/Development/scroom-install/include/ conftest.cpp
configure:19770: $? = 0
configure:19770: result: yes
configure:19770: checking for boost/thread/mutex.hpp
configure:19770: result: yes
configure:19782: checking for library containing _ZN5boost6thread6detachEv
configure:19813: ccache g++ -o conftest -Wsign-promo -Woverloaded-virtual -Wnon-virtual-dtor -Wfloat-equal -Wswitch-enum -Wcast-qual -Winit-self -Wuninitialized -Wredundant-decls -Wunused -Wwrite-strings -Wpointer-arith -Wextra -W -Wall -g -O2 -I/home/ubuntu/Documents/Development/scroom-install/include/ -L/home/ubuntu/Documents/Development/scroom-install/lib -Wl,-z,defs conftest.cpp  >&5
/tmp/ccaHUc9f.o: In function `main':
/home/ubuntu/Documents/Development/scroom-plugin-cpp/plugin-build/conftest.cpp:48: undefined reference to `boost::thread::detach()'
collect2: error: ld returned 1 exit status
configure:19813: $? = 1
configure: failed program was:
| /* confdefs.h */
| #define PACKAGE_NAME "Scroom Plugins for Canon Production Printing"
| #define PACKAGE_TARNAME "scroom-cpp-plugins"
| #define PACKAGE_VERSION "Unknown"
| #define PACKAGE_STRING "Scroom Plugins for Canon Production Printing Unknown"
| #define PACKAGE_BUGREPORT ""
| #define PACKAGE_URL ""
| #define PACKAGE "scroom-cpp-plugins"
| #define VERSION "Unknown"
| #define STDC_HEADERS 1
| #define HAVE_SYS_TYPES_H 1
| #define HAVE_SYS_STAT_H 1
| #define HAVE_STDLIB_H 1
| #define HAVE_STRING_H 1
| #define HAVE_MEMORY_H 1
| #define HAVE_STRINGS_H 1
| #define HAVE_INTTYPES_H 1
| #define HAVE_STDINT_H 1
| #define HAVE_UNISTD_H 1
| #define HAVE_DLFCN_H 1
| #define LT_OBJDIR ".libs/"
| #define HAVE_STDLIB_H 1
| #define HAVE_STRING_H 1
| #define HAVE_SCROOM_OBSERVABLE_HH 1
| #define HAVE_SCROOM_UNUSED_HH 1
| #define HAVE_SCROOM_UTILITIES_HH 1
| #define HAVE_STDLIB_H 1
| #define HAVE_MALLOC 1
| #define HAVE_MEMSET 1
| #define HAVE_POW 1
| #define HAVE_SELECT 1
| #define HAVE_SQRT 1
| #define HAVE_STRERROR 1
| #define HAVE_BOOST_THREAD_HPP 1
| #define HAVE_BOOST_THREAD_MUTEX_HPP 1
| /* end confdefs.h.  */
| 
| /* Override any GCC internal prototype to avoid an error.
|    Use char because int might match the return type of a GCC
|    builtin and then its argument prototype would still apply.  */
| #ifdef __cplusplus
| extern "C"
| #endif
| char _ZN5boost6thread6detachEv ();
| int
| main ()
| {
| return _ZN5boost6thread6detachEv ();
|   ;
|   return 0;
| }
configure:19813: ccache g++ -o conftest -Wsign-promo -Woverloaded-virtual -Wnon-virtual-dtor -Wfloat-equal -Wswitch-enum -Wcast-qual -Winit-self -Wuninitialized -Wredundant-decls -Wunused -Wwrite-strings -Wpointer-arith -Wextra -W -Wall -g -O2 -I/home/ubuntu/Documents/Development/scroom-install/include/ -L/home/ubuntu/Documents/Development/scroom-install/lib -Wl,-z,defs conftest.cpp -lboost_thread-mt   >&5
/usr/bin/ld: cannot find -lboost_thread-mt
collect2: error: ld returned 1 exit status
configure:19813: $? = 1
configure: failed program was:
| /* confdefs.h */
| #define PACKAGE_NAME "Scroom Plugins for Canon Production Printing"
| #define PACKAGE_TARNAME "scroom-cpp-plugins"
| #define PACKAGE_VERSION "Unknown"
| #define PACKAGE_STRING "Scroom Plugins for Canon Production Printing Unknown"
| #define PACKAGE_BUGREPORT ""
| #define PACKAGE_URL ""
| #define PACKAGE "scroom-cpp-plugins"
| #define VERSION "Unknown"
| #define STDC_HEADERS 1
| #define HAVE_SYS_TYPES_H 1
| #define HAVE_SYS_STAT_H 1
| #define HAVE_STDLIB_H 1
| #define HAVE_STRING_H 1
| #define HAVE_MEMORY_H 1
| #define HAVE_STRINGS_H 1
| #define HAVE_INTTYPES_H 1
| #define HAVE_STDINT_H 1
| #define HAVE_UNISTD_H 1
| #define HAVE_DLFCN_H 1
| #define LT_OBJDIR ".libs/"
| #define HAVE_STDLIB_H 1
| #define HAVE_STRING_H 1
| #define HAVE_SCROOM_OBSERVABLE_HH 1
| #define HAVE_SCROOM_UNUSED_HH 1
| #define HAVE_SCROOM_UTILITIES_HH 1
| #define HAVE_STDLIB_H 1
| #define HAVE_MALLOC 1
| #define HAVE_MEMSET 1
| #define HAVE_POW 1
| #define HAVE_SELECT 1
| #define HAVE_SQRT 1
| #define HAVE_STRERROR 1
| #define HAVE_BOOST_THREAD_HPP 1
| #define HAVE_BOOST_THREAD_MUTEX_HPP 1
| /* end confdefs.h.  */
| 
| /* Override any GCC internal prototype to avoid an error.
|    Use char because int might match the return type of a GCC
|    builtin and then its argument prototype would still apply.  */
| #ifdef __cplusplus
| extern "C"
| #endif
| char _ZN5boost6thread6detachEv ();
| int
| main ()
| {
| return _ZN5boost6thread6detachEv ();
|   ;
|   return 0;
| }
configure:19813: ccache g++ -o conftest -Wsign-promo -Woverloaded-virtual -Wnon-virtual-dtor -Wfloat-equal -Wswitch-enum -Wcast-qual -Winit-self -Wuninitialized -Wredundant-decls -Wunused -Wwrite-strings -Wpointer-arith -Wextra -W -Wall -g -O2 -I/home/ubuntu/Documents/Development/scroom-install/include/ -L/home/ubuntu/Documents/Development/scroom-install/lib -Wl,-z,defs conftest.cpp -lboost_thread   >&5
configure:19813: $? = 0
configure:19830: result: -lboost_thread
configure:19847: checking boost/test/unit_test.hpp usability
configure:19847: ccache g++ -c -Wsign-promo -Woverloaded-virtual -Wnon-virtual-dtor -Wfloat-equal -Wswitch-enum -Wcast-qual -Winit-self -Wuninitialized -Wredundant-decls -Wunused -Wwrite-strings -Wpointer-arith -Wextra -W -Wall -g -O2 -I/home/ubuntu/Documents/Development/scroom-install/include/ conftest.cpp >&5
configure:19847: $? = 0
configure:19847: result: yes
configure:19847: checking boost/test/unit_test.hpp presence
configure:19847: ccache g++ -E -I/home/ubuntu/Documents/Development/scroom-install/include/ conftest.cpp
configure:19847: $? = 0
configure:19847: result: yes
configure:19847: checking for boost/test/unit_test.hpp
configure:19847: result: yes
configure:19859: checking for library containing _ZN5boost9unit_test16results_reporter10set_streamERSo
configure:19890: ccache g++ -o conftest -Wsign-promo -Woverloaded-virtual -Wnon-virtual-dtor -Wfloat-equal -Wswitch-enum -Wcast-qual -Winit-self -Wuninitialized -Wredundant-decls -Wunused -Wwrite-strings -Wpointer-arith -Wextra -W -Wall -g -O2 -I/home/ubuntu/Documents/Development/scroom-install/include/ -L/home/ubuntu/Documents/Development/scroom-install/lib -Wl,-z,defs conftest.cpp  >&5
/tmp/ccZS0qAQ.o: In function `main':
/home/ubuntu/Documents/Development/scroom-plugin-cpp/plugin-build/conftest.cpp:49: undefined reference to `boost::unit_test::results_reporter::set_stream(std::ostream&)'
collect2: error: ld returned 1 exit status
configure:19890: $? = 1
configure: failed program was:
| /* confdefs.h */
| #define PACKAGE_NAME "Scroom Plugins for Canon Production Printing"
| #define PACKAGE_TARNAME "scroom-cpp-plugins"
| #define PACKAGE_VERSION "Unknown"
| #define PACKAGE_STRING "Scroom Plugins for Canon Production Printing Unknown"
| #define PACKAGE_BUGREPORT ""
| #define PACKAGE_URL ""
| #define PACKAGE "scroom-cpp-plugins"
| #define VERSION "Unknown"
| #define STDC_HEADERS 1
| #define HAVE_SYS_TYPES_H 1
| #define HAVE_SYS_STAT_H 1
| #define HAVE_STDLIB_H 1
| #define HAVE_STRING_H 1
| #define HAVE_MEMORY_H 1
| #define HAVE_STRINGS_H 1
| #define HAVE_INTTYPES_H 1
| #define HAVE_STDINT_H 1
| #define HAVE_UNISTD_H 1
| #define HAVE_DLFCN_H 1
| #define LT_OBJDIR ".libs/"
| #define HAVE_STDLIB_H 1
| #define HAVE_STRING_H 1
| #define HAVE_SCROOM_OBSERVABLE_HH 1
| #define HAVE_SCROOM_UNUSED_HH 1
| #define HAVE_SCROOM_UTILITIES_HH 1
| #define HAVE_STDLIB_H 1
| #define HAVE_MALLOC 1
| #define HAVE_MEMSET 1
| #define HAVE_POW 1
| #define HAVE_SELECT 1
| #define HAVE_SQRT 1
| #define HAVE_STRERROR 1
| #define HAVE_BOOST_THREAD_HPP 1
| #define HAVE_BOOST_THREAD_MUTEX_HPP 1
| #define HAVE_BOOST_TEST_UNIT_TEST_HPP 1
| /* end confdefs.h.  */
| 
| /* Override any GCC internal prototype to avoid an error.
|    Use char because int might match the return type of a GCC
|    builtin and then its argument prototype would still apply.  */
| #ifdef __cplusplus
| extern "C"
| #endif
| char _ZN5boost9unit_test16results_reporter10set_streamERSo ();
| int
| main ()
| {
| return _ZN5boost9unit_test16results_reporter10set_streamERSo ();
|   ;
|   return 0;
| }
configure:19890: ccache g++ -o conftest -Wsign-promo -Woverloaded-virtual -Wnon-virtual-dtor -Wfloat-equal -Wswitch-enum -Wcast-qual -Winit-self -Wuninitialized -Wredundant-decls -Wunused -Wwrite-strings -Wpointer-arith -Wextra -W -Wall -g -O2 -I/home/ubuntu/Documents/Development/scroom-install/include/ -L/home/ubuntu/Documents/Development/scroom-install/lib -Wl,-z,defs conftest.cpp -lboost_unit_test_framework-mt   >&5
/usr/bin/ld: cannot find -lboost_unit_test_framework-mt
collect2: error: ld returned 1 exit status
configure:19890: $? = 1
configure: failed program was:
| /* confdefs.h */
| #define PACKAGE_NAME "Scroom Plugins for Canon Production Printing"
| #define PACKAGE_TARNAME "scroom-cpp-plugins"
| #define PACKAGE_VERSION "Unknown"
| #define PACKAGE_STRING "Scroom Plugins for Canon Production Printing Unknown"
| #define PACKAGE_BUGREPORT ""
| #define PACKAGE_URL ""
| #define PACKAGE "scroom-cpp-plugins"
| #define VERSION "Unknown"
| #define STDC_HEADERS 1
| #define HAVE_SYS_TYPES_H 1
| #define HAVE_SYS_STAT_H 1
| #define HAVE_STDLIB_H 1
| #define HAVE_STRING_H 1
| #define HAVE_MEMORY_H 1
| #define HAVE_STRINGS_H 1
| #define HAVE_INTTYPES_H 1
| #define HAVE_STDINT_H 1
| #define HAVE_UNISTD_H 1
| #define HAVE_DLFCN_H 1
| #define LT_OBJDIR ".libs/"
| #define HAVE_STDLIB_H 1
| #define HAVE_STRING_H 1
| #define HAVE_SCROOM_OBSERVABLE_HH 1
| #define HAVE_SCROOM_UNUSED_HH 1
| #define HAVE_SCROOM_UTILITIES_HH 1
| #define HAVE_STDLIB_H 1
| #define HAVE_MALLOC 1
| #define HAVE_MEMSET 1
| #define HAVE_POW 1
| #define HAVE_SELECT 1
| #define HAVE_SQRT 1
| #define HAVE_STRERROR 1
| #define HAVE_BOOST_THREAD_HPP 1
| #define HAVE_BOOST_THREAD_MUTEX_HPP 1
| #define HAVE_BOOST_TEST_UNIT_TEST_HPP 1
| /* end confdefs.h.  */
| 
| /* Override any GCC internal prototype to avoid an error.
|    Use char because int might match the return type of a GCC
|    builtin and then its argument prototype would still apply.  */
| #ifdef __cplusplus
| extern "C"
| #endif
| char _ZN5boost9unit_test16results_reporter10set_streamERSo ();
| int
| main ()
| {
| return _ZN5boost9unit_test16results_reporter10set_streamERSo ();
|   ;
|   return 0;
| }
configure:19890: ccache g++ -o conftest -Wsign-promo -Woverloaded-virtual -Wnon-virtual-dtor -Wfloat-equal -Wswitch-enum -Wcast-qual -Winit-self -Wuninitialized -Wredundant-decls -Wunused -Wwrite-strings -Wpointer-arith -Wextra -W -Wall -g -O2 -I/home/ubuntu/Documents/Development/scroom-install/include/ -L/home/ubuntu/Documents/Development/scroom-install/lib -Wl,-z,defs conftest.cpp -lboost_unit_test_framework   >&5
configure:19890: $? = 0
configure:19907: result: -lboost_unit_test_framework
configure:20125: checking that generated files are newer than configure
configure:20131: result: done
configure:20250: creating ./config.status

## ---------------------- ##
## Running config.status. ##
## ---------------------- ##

This file was extended by Scroom Plugins for Canon Production Printing config.status Unknown, which was
generated by GNU Autoconf 2.69.  Invocation command line was

  CONFIG_FILES    = 
  CONFIG_HEADERS  = 
  CONFIG_LINKS    = 
  CONFIG_COMMANDS = 
  $ ./config.status 

on ubuntu

config.status:1231: creating Makefile
config.status:1231: creating doxyfile
config.status:1231: creating config.h
config.status:1445: executing depfiles commands
config.status:1445: executing libtool commands

## ---------------- ##
## Cache variables. ##
## ---------------- ##

ac_cv_build=x86_64-pc-linux-gnu
ac_cv_c_compiler_gnu=yes
ac_cv_c_inline=inline
ac_cv_cxx_compiler_gnu=yes
ac_cv_env_CCC_set=
ac_cv_env_CCC_value=
ac_cv_env_CC_set=set
ac_cv_env_CC_value='ccache gcc'
ac_cv_env_CFLAGS_set=
ac_cv_env_CFLAGS_value=
ac_cv_env_CPPFLAGS_set=set
ac_cv_env_CPPFLAGS_value=-I/home/ubuntu/Documents/Development/scroom-install/include/
ac_cv_env_CPP_set=
ac_cv_env_CPP_value=
ac_cv_env_CXXCPP_set=
ac_cv_env_CXXCPP_value=
ac_cv_env_CXXFLAGS_set=
ac_cv_env_CXXFLAGS_value=
ac_cv_env_CXX_set=set
ac_cv_env_CXX_value='ccache g++'
ac_cv_env_DOXYGEN_PAPER_SIZE_set=
ac_cv_env_DOXYGEN_PAPER_SIZE_value=
ac_cv_env_EXAMPLEPLUGIN_CFLAGS_set=
ac_cv_env_EXAMPLEPLUGIN_CFLAGS_value=
ac_cv_env_EXAMPLEPLUGIN_LIBS_set=
ac_cv_env_EXAMPLEPLUGIN_LIBS_value=
ac_cv_env_LDFLAGS_set=set
ac_cv_env_LDFLAGS_value='-L/home/ubuntu/Documents/Development/scroom-install/lib -Wl,-z,defs'
ac_cv_env_LIBS_set=
ac_cv_env_LIBS_value=
ac_cv_env_LT_SYS_LIBRARY_PATH_set=
ac_cv_env_LT_SYS_LIBRARY_PATH_value=
ac_cv_env_PKG_CONFIG_LIBDIR_set=
ac_cv_env_PKG_CONFIG_LIBDIR_value=
ac_cv_env_PKG_CONFIG_PATH_set=set
ac_cv_env_PKG_CONFIG_PATH_value=/opt/ros/melodic/lib/pkgconfig
ac_cv_env_PKG_CONFIG_set=
ac_cv_env_PKG_CONFIG_value=
ac_cv_env_build_alias_set=
ac_cv_env_build_alias_value=
ac_cv_env_host_alias_set=
ac_cv_env_host_alias_value=
ac_cv_env_target_alias_set=
ac_cv_env_target_alias_value=
ac_cv_func_dlopen=no
ac_cv_func_malloc_0_nonnull=yes
ac_cv_func_memset=yes
ac_cv_func_pow=yes
ac_cv_func_select=yes
ac_cv_func_shl_load=no
ac_cv_func_sqrt=yes
ac_cv_func_strerror=yes
ac_cv_header_boost_test_unit_test_hpp=yes
ac_cv_header_boost_thread_hpp=yes
ac_cv_header_boost_thread_mutex_hpp=yes
ac_cv_header_dlfcn_h=yes
ac_cv_header_inttypes_h=yes
ac_cv_header_memory_h=yes
ac_cv_header_scroom_observable_hh=yes
ac_cv_header_scroom_unused_hh=yes
ac_cv_header_scroom_utilities_hh=yes
ac_cv_header_stdbool_h=no
ac_cv_header_stdc=yes
ac_cv_header_stdint_h=yes
ac_cv_header_stdlib_h=yes
ac_cv_header_string_h=yes
ac_cv_header_strings_h=yes
ac_cv_header_sys_stat_h=yes
ac_cv_header_sys_types_h=yes
ac_cv_header_unistd_h=yes
ac_cv_host=x86_64-pc-linux-gnu
ac_cv_lib_dl_dlopen=yes
ac_cv_lib_dld_shl_load=no
ac_cv_objext=o
ac_cv_path_EGREP='/bin/grep -E'
ac_cv_path_FGREP='/bin/grep -F'
ac_cv_path_GREP=/bin/grep
ac_cv_path_SED=/bin/sed
ac_cv_path_ac_pt_DX_DOT=/usr/bin/dot
ac_cv_path_ac_pt_DX_DOXYGEN=/usr/bin/doxygen
ac_cv_path_ac_pt_DX_PERL=/usr/bin/perl
ac_cv_path_ac_pt_PKG_CONFIG=/usr/bin/pkg-config
ac_cv_path_install='/usr/bin/install -c'
ac_cv_path_lt_DD=/bin/dd
ac_cv_path_mkdir=/bin/mkdir
ac_cv_prog_AWK=mawk
ac_cv_prog_CPP='ccache gcc -E'
ac_cv_prog_CXXCPP='ccache g++ -E'
ac_cv_prog_ac_ct_AR=ar
ac_cv_prog_ac_ct_CC='ccache gcc'
ac_cv_prog_ac_ct_MANIFEST_TOOL=mt
ac_cv_prog_ac_ct_OBJDUMP=objdump
ac_cv_prog_ac_ct_RANLIB=ranlib
ac_cv_prog_ac_ct_STRIP=strip
ac_cv_prog_cc_c89=
ac_cv_prog_cc_g=yes
ac_cv_prog_cxx_g=yes
ac_cv_prog_make_make_set=yes
ac_cv_search__Z17createTiledBitmapiiRKSt6vectorIN5boost10shared_ptrI15LayerOperationsEESaIS3_EE=-lstiledbitmap
ac_cv_search__Z8CpuBoundv=-lsthreadpool
ac_cv_search__ZN5boost6system16generic_categoryEv=-lboost_system
ac_cv_search__ZN5boost6thread6detachEv=-lboost_thread
ac_cv_search__ZN5boost9unit_test16results_reporter10set_streamERSo=-lboost_unit_test_framework
ac_cv_search__ZN6Scroom5Utils6Detail15assertionFailedEPKcS3_S3_S3_j=-lsutil
ac_cv_search__ZN6Scroom6Bitmap13BitmapSurface6createEii13_cairo_format=-lsscroom
ac_cv_type__Bool=no
ac_cv_type_size_t=yes
am_cv_CC_dependencies_compiler_type=gcc3
am_cv_CXX_dependencies_compiler_type=gcc3
am_cv_ar_interface=ar
am_cv_make_support_nested_variables=yes
am_cv_prog_cc_c_o=yes
lt_cv_ar_at_file=@
lt_cv_archive_cmds_need_lc=no
lt_cv_deplibs_check_method=pass_all
lt_cv_dlopen=dlopen
lt_cv_dlopen_libs=-ldl
lt_cv_dlopen_self=yes
lt_cv_dlopen_self_static=no
lt_cv_file_magic_cmd='$MAGIC_CMD'
lt_cv_file_magic_test_file=
lt_cv_ld_reload_flag=-r
lt_cv_nm_interface='BSD nm'
lt_cv_objdir=.libs
lt_cv_path_LD=/usr/bin/ld
lt_cv_path_LDCXX='/usr/bin/ld -m elf_x86_64'
lt_cv_path_NM='/usr/bin/nm -B'
lt_cv_path_mainfest_tool=no
lt_cv_prog_compiler_c_o=yes
lt_cv_prog_compiler_c_o_CXX=yes
lt_cv_prog_compiler_pic='-fPIC -DPIC'
lt_cv_prog_compiler_pic_CXX='-fPIC -DPIC'
lt_cv_prog_compiler_pic_works=yes
lt_cv_prog_compiler_pic_works_CXX=yes
lt_cv_prog_compiler_rtti_exceptions=no
lt_cv_prog_compiler_static_works=yes
lt_cv_prog_compiler_static_works_CXX=yes
lt_cv_prog_gnu_ld=yes
lt_cv_prog_gnu_ldcxx=yes
lt_cv_sharedlib_from_linklib_cmd='printf %s\n'
lt_cv_shlibpath_overrides_runpath=yes
lt_cv_sys_global_symbol_pipe='sed -n -e '\''s/^.*[	 ]\([ABCDGIRSTW][ABCDGIRSTW]*\)[	 ][	 ]*\([_A-Za-z][_A-Za-z0-9]*\)$/\1 \2 \2/p'\'' | sed '\''/ __gnu_lto/d'\'''
lt_cv_sys_global_symbol_to_c_name_address='sed -n -e '\''s/^: \(.*\) .*$/  {"\1", (void *) 0},/p'\'' -e '\''s/^[ABCDGIRSTW][ABCDGIRSTW]* .* \(.*\)$/  {"\1", (void *) \&\1},/p'\'''
lt_cv_sys_global_symbol_to_c_name_address_lib_prefix='sed -n -e '\''s/^: \(.*\) .*$/  {"\1", (void *) 0},/p'\'' -e '\''s/^[ABCDGIRSTW][ABCDGIRSTW]* .* \(lib.*\)$/  {"\1", (void *) \&\1},/p'\'' -e '\''s/^[ABCDGIRSTW][ABCDGIRSTW]* .* \(.*\)$/  {"lib\1", (void *) \&\1},/p'\'''
lt_cv_sys_global_symbol_to_cdecl='sed -n -e '\''s/^T .* \(.*\)$/extern int \1();/p'\'' -e '\''s/^[ABCDGIRSTW][ABCDGIRSTW]* .* \(.*\)$/extern char \1;/p'\'''
lt_cv_sys_global_symbol_to_import=
lt_cv_sys_max_cmd_len=1572864
lt_cv_to_host_file_cmd=func_convert_file_noop
lt_cv_to_tool_file_cmd=func_convert_file_noop
lt_cv_truncate_bin='/bin/dd bs=4096 count=1'
pkg_cv_EXAMPLEPLUGIN_CFLAGS='-pthread -I/usr/include/gtk-2.0 -I/usr/lib/x86_64-linux-gnu/gtk-2.0/include -I/usr/include/gio-unix-2.0/ -I/usr/include/cairo -I/usr/include/pango-1.0 -I/usr/include/atk-1.0 -I/usr/include/gdk-pixbuf-2.0 -I/usr/include/libpng16 -I/usr/include/pango-1.0 -I/usr/include/harfbuzz -I/usr/include/pango-1.0 -I/usr/include/cairo -I/usr/include/glib-2.0 -I/usr/lib/x86_64-linux-gnu/glib-2.0/include -I/usr/include/pixman-1 -I/usr/include/freetype2 -I/usr/include/libpng16 -I/usr/include/freetype2 -I/usr/include/libpng16'
pkg_cv_EXAMPLEPLUGIN_LIBS='-lgtk-x11-2.0 -lgdk-x11-2.0 -lpangocairo-1.0 -latk-1.0 -lgdk_pixbuf-2.0 -lgio-2.0 -lpangoft2-1.0 -lpango-1.0 -lgobject-2.0 -lglib-2.0 -lfontconfig -lfreetype -lcairo'
scroom_cv_cxx_compile_cxx0x_cxx=yes
scroom_cv_cxx_compile_cxx0x_gxx=yes
scroom_cv_cxx_compile_cxx0x_native=yes
scroom_cv_cxx_compile_isystem=yes

## ----------------- ##
## Output variables. ##
## ----------------- ##

ACLOCAL='${SHELL} /home/ubuntu/Documents/Development/scroom-plugin-cpp/missing aclocal-1.15'
AMDEPBACKSLASH='\'
AMDEP_FALSE='#'
AMDEP_TRUE=''
AMTAR='$${TAR-tar}'
AM_BACKSLASH='\'
AM_DEFAULT_V='$(AM_DEFAULT_VERBOSITY)'
AM_DEFAULT_VERBOSITY='0'
AM_V='$(V)'
AR='ar'
AUTOCONF='${SHELL} /home/ubuntu/Documents/Development/scroom-plugin-cpp/missing autoconf'
AUTOHEADER='${SHELL} /home/ubuntu/Documents/Development/scroom-plugin-cpp/missing autoheader'
AUTOMAKE='${SHELL} /home/ubuntu/Documents/Development/scroom-plugin-cpp/missing automake-1.15'
AWK='mawk'
BOOSTTESTLIB='-lboost_unit_test_framework'
BOOSTTHREADLIB='-lboost_thread -lboost_system'
BOOST_UNITTESTS_FALSE='#'
BOOST_UNITTESTS_TRUE=''
CC='ccache gcc'
CCDEPMODE='depmode=gcc3'
CFLAGS='-g -O2'
CPP='ccache gcc -E'
CPPFLAGS='-I/home/ubuntu/Documents/Development/scroom-install/include/'
CXX='ccache g++'
CXXCPP='ccache g++ -E -std=c++0x'
CXXDEPMODE='depmode=gcc3'
CXXFLAGS='-std=c++0x -Wsign-promo -Woverloaded-virtual -Wnon-virtual-dtor -Wfloat-equal -Wswitch-enum -Wcast-qual -Winit-self -Wuninitialized -Wredundant-decls -Wunused -Wwrite-strings -Wpointer-arith -Wextra -W -Wall -g -O2'
CYGPATH_W='echo'
DEFS='-DHAVE_CONFIG_H'
DEPDIR='.deps'
DLLTOOL='false'
DOXYGEN_PAPER_SIZE=''
DSYMUTIL=''
DUMPBIN=''
DX_COND_chi_FALSE=''
DX_COND_chi_TRUE='#'
DX_COND_chm_FALSE=''
DX_COND_chm_TRUE='#'
DX_COND_doc_FALSE='#'
DX_COND_doc_TRUE=''
DX_COND_dot_FALSE='#'
DX_COND_dot_TRUE=''
DX_COND_html_FALSE='#'
DX_COND_html_TRUE=''
DX_COND_latex_FALSE=''
DX_COND_latex_TRUE='#'
DX_COND_man_FALSE=''
DX_COND_man_TRUE='#'
DX_COND_pdf_FALSE=''
DX_COND_pdf_TRUE='#'
DX_COND_ps_FALSE=''
DX_COND_ps_TRUE='#'
DX_COND_rtf_FALSE=''
DX_COND_rtf_TRUE='#'
DX_COND_xml_FALSE=''
DX_COND_xml_TRUE='#'
DX_CONFIG='doxyfile'
DX_DOCDIR='doc'
DX_DOT='/usr/bin/dot'
DX_DOXYGEN='/usr/bin/doxygen'
DX_DVIPS=''
DX_EGREP=''
DX_ENV=' PROJECT='\''Scroom Plugins for Canon Production Printing'\'' DOCDIR='\''doc'\'' VERSION='\''Unknown'\'' PERL_PATH='\''/usr/bin/perl'\'' HAVE_DOT='\''YES'\'' DOT_PATH='\''/usr/bin'\'' GENERATE_MAN='\''NO'\'' GENERATE_RTF='\''NO'\'' GENERATE_XML='\''NO'\'' GENERATE_HTMLHELP='\''NO'\'' GENERATE_CHI='\''NO'\'' GENERATE_HTML='\''YES'\'' GENERATE_LATEX='\''NO'\'''
DX_EXTRA_SRC=''
DX_FLAG_chi='0'
DX_FLAG_chm='0'
DX_FLAG_doc='1'
DX_FLAG_dot='1'
DX_FLAG_html='1'
DX_FLAG_man='0'
DX_FLAG_pdf='0'
DX_FLAG_ps='0'
DX_FLAG_rtf='0'
DX_FLAG_xml='0'
DX_HHC=''
DX_LATEX=''
DX_MAKEINDEX=''
DX_PDFLATEX=''
DX_PERL='/usr/bin/perl'
DX_PROJECT='Scroom Plugins for Canon Production Printing'
ECHO_C=''
ECHO_N='-n'
ECHO_T=''
EGREP='/bin/grep -E'
EXAMPLEPLUGIN_CFLAGS='-pthread -I/usr/include/gtk-2.0 -I/usr/lib/x86_64-linux-gnu/gtk-2.0/include -I/usr/include/gio-unix-2.0/ -I/usr/include/cairo -I/usr/include/pango-1.0 -I/usr/include/atk-1.0 -I/usr/include/gdk-pixbuf-2.0 -I/usr/include/libpng16 -I/usr/include/pango-1.0 -I/usr/include/harfbuzz -I/usr/include/pango-1.0 -I/usr/include/cairo -I/usr/include/glib-2.0 -I/usr/lib/x86_64-linux-gnu/glib-2.0/include -I/usr/include/pixman-1 -I/usr/include/freetype2 -I/usr/include/libpng16 -I/usr/include/freetype2 -I/usr/include/libpng16'
EXAMPLEPLUGIN_LIBS='-lgtk-x11-2.0 -lgdk-x11-2.0 -lpangocairo-1.0 -latk-1.0 -lgdk_pixbuf-2.0 -lgio-2.0 -lpangoft2-1.0 -lpango-1.0 -lgobject-2.0 -lglib-2.0 -lfontconfig -lfreetype -lcairo'
EXEEXT=''
FGREP='/bin/grep -F'
GREP='/bin/grep'
INSTALL_DATA='${INSTALL} -m 644'
INSTALL_PROGRAM='${INSTALL}'
INSTALL_SCRIPT='${INSTALL}'
INSTALL_STRIP_PROGRAM='$(install_sh) -c -s'
LD='/usr/bin/ld -m elf_x86_64'
LDFLAGS='-L/home/ubuntu/Documents/Development/scroom-install/lib -Wl,-z,defs'
LIBOBJS=''
LIBS=''
LIBTOOL='$(SHELL) $(top_builddir)/libtool'
LIPO=''
LN_S='ln -s'
LTLIBOBJS=''
LT_SYS_LIBRARY_PATH=''
MAKEINFO='${SHELL} /home/ubuntu/Documents/Development/scroom-plugin-cpp/missing makeinfo'
MANIFEST_TOOL=':'
MKDIR_P='/bin/mkdir -p'
NM='/usr/bin/nm -B'
NMEDIT=''
OBJDUMP='objdump'
OBJEXT='o'
OTOOL64=''
OTOOL=''
PACKAGE='scroom-cpp-plugins'
PACKAGE_BUGREPORT=''
PACKAGE_NAME='Scroom Plugins for Canon Production Printing'
PACKAGE_STRING='Scroom Plugins for Canon Production Printing Unknown'
PACKAGE_TARNAME='scroom-cpp-plugins'
PACKAGE_URL=''
PACKAGE_VERSION='Unknown'
PATH_SEPARATOR=':'
PKG_CONFIG='/usr/bin/pkg-config'
PKG_CONFIG_LIBDIR=''
PKG_CONFIG_PATH='/opt/ros/melodic/lib/pkgconfig'
RANLIB='ranlib'
SCROOMLIB='-lsscroom'
SED='/bin/sed'
SET_MAKE=''
SHELL='/bin/bash'
STRIP='strip'
SUTILLIB='-lsutil'
THREADPOOLLIB='-lsthreadpool'
TILEDBITMAPLIB='-lstiledbitmap'
VERSION='Unknown'
ac_ct_AR='ar'
ac_ct_CC='ccache gcc'
ac_ct_CXX=''
ac_ct_DUMPBIN=''
am__EXEEXT_FALSE=''
am__EXEEXT_TRUE='#'
am__fastdepCC_FALSE='#'
am__fastdepCC_TRUE=''
am__fastdepCXX_FALSE='#'
am__fastdepCXX_TRUE=''
am__include='include'
am__isrc=' -I$(srcdir)'
am__leading_dot='.'
am__nodep='_no'
am__quote=''
am__tar='$${TAR-tar} chof - "$$tardir"'
am__untar='$${TAR-tar} xf -'
bindir='${exec_prefix}/bin'
build='x86_64-pc-linux-gnu'
build_alias=''
build_cpu='x86_64'
build_os='linux-gnu'
build_vendor='pc'
datadir='${datarootdir}'
datarootdir='${prefix}/share'
docdir='${datarootdir}/doc/${PACKAGE_TARNAME}'
dvidir='${docdir}'
exec_prefix='${prefix}'
host='x86_64-pc-linux-gnu'
host_alias=''
host_cpu='x86_64'
host_os='linux-gnu'
host_vendor='pc'
htmldir='${docdir}'
includedir='${prefix}/include'
infodir='${datarootdir}/info'
install_sh='${SHELL} /home/ubuntu/Documents/Development/scroom-plugin-cpp/install-sh'
libdir='${exec_prefix}/lib'
libexecdir='${exec_prefix}/libexec'
localedir='${datarootdir}/locale'
localstatedir='${prefix}/var'
mandir='${datarootdir}/man'
mkdir_p='$(MKDIR_P)'
oldincludedir='/usr/include'
pdfdir='${docdir}'
plugindir='${exec_prefix}/lib/scroom'
prefix='/usr/local'
program_transform_name='s,x,x,'
psdir='${docdir}'
runstatedir='${localstatedir}/run'
sbindir='${exec_prefix}/sbin'
sharedstatedir='${prefix}/com'
sysconfdir='${prefix}/etc'
target_alias=''

## ----------- ##
## confdefs.h. ##
## ----------- ##

/* confdefs.h */
#define PACKAGE_NAME "Scroom Plugins for Canon Production Printing"
#define PACKAGE_TARNAME "scroom-cpp-plugins"
#define PACKAGE_VERSION "Unknown"
#define PACKAGE_STRING "Scroom Plugins for Canon Production Printing Unknown"
#define PACKAGE_BUGREPORT ""
#define PACKAGE_URL ""
#define PACKAGE "scroom-cpp-plugins"
#define VERSION "Unknown"
#define STDC_HEADERS 1
#define HAVE_SYS_TYPES_H 1
#define HAVE_SYS_STAT_H 1
#define HAVE_STDLIB_H 1
#define HAVE_STRING_H 1
#define HAVE_MEMORY_H 1
#define HAVE_STRINGS_H 1
#define HAVE_INTTYPES_H 1
#define HAVE_STDINT_H 1
#define HAVE_UNISTD_H 1
#define HAVE_DLFCN_H 1
#define LT_OBJDIR ".libs/"
#define HAVE_STDLIB_H 1
#define HAVE_STRING_H 1
#define HAVE_SCROOM_OBSERVABLE_HH 1
#define HAVE_SCROOM_UNUSED_HH 1
#define HAVE_SCROOM_UTILITIES_HH 1
#define HAVE_STDLIB_H 1
#define HAVE_MALLOC 1
#define HAVE_MEMSET 1
#define HAVE_POW 1
#define HAVE_SELECT 1
#define HAVE_SQRT 1
#define HAVE_STRERROR 1
#define HAVE_BOOST_THREAD_HPP 1
#define HAVE_BOOST_THREAD_MUTEX_HPP 1
#define HAVE_BOOST_TEST_UNIT_TEST_HPP 1
#define HAVE_STDCXX_0X /**/

configure: exit 0
